 line   address	contents
    1                      ; Linked by DLX-LD.
    2                      ; MemSize 24576
    3                      ; Data size: 398
    4                      ; Text size: 4736
    5                      ; Stack size: 8192
    6  00000000          	.text 0x1000
    7  00001000          	.data 0x3000
    8                      ; Compiled by GCC
    9  00003000          	.text
   10  00001000          	.align 2
   11  00001000          	.proc _isspace
   12  00001000          	.global _isspace
   13  00001000          	_isspace:
   14                      ;  Function 'isspace'; 0 bytes of locals, 1 regs to save.
   15  00001000  afbefffc	sw	-4(r29),r30; push fp
   16  00001004  001df020	add	r30,r0,r29; fp = sp
   17  00001008  afbffff8	sw	-8(r29),r31; push ret addr
   18  0000100c  2fbd0010	subui	r29,r29,#16; alloc local storage
   19  00001010  afa20000	sw	0(r29),r2
   20  00001014  83c20003	lb	r2,3(r30)
   21  00001018  201f0000	addi	r31,r0,#0
   22  0000101c  304100ff	andi	r1,r2,#0x00ff
   23  00001020  60210020	seqi	r1,r1,#32
   24  00001024  14200018	bnez	r1,L6_LF0
   25  00001028  54000000	nop; not filled.
   26  0000102c  2041fff7	addi	r1,r2,#-9
   27  00001030  302100ff	andi	r1,r1,#0x00ff
   28  00001034  70210001	sleui	r1,r1,#1
   29  00001038  10200008	beqz	r1,L5_LF0
   30  0000103c  54000000	nop; not filled.
   31  00001040          	L6_LF0:
   32  00001040  201f0001	addi	r31,r0,#1
   33  00001044          	L5_LF0:
   34  00001044  001f0820	add	r1,r0,r31
   35  00001048  8fa20000	lw	r2,0(r29)
   36  0000104c  8fdffff8	lw	r31,-8(r30)
   37  00001050  001ee820	add	r29,r0,r30
   38  00001054  8fdefffc	lw	r30,-4(r30)
   39  00001058  4be00000	jr	r31
   40  0000105c  54000000	nop
   41  00001060          	.endproc _isspace
   42  00001060          	.align 2
   43  00001060          	.proc _isxdigit
   44  00001060          	.global _isxdigit
   45  00001060          	_isxdigit:
   46                      ;  Function 'isxdigit'; 0 bytes of locals, 1 regs to save.
   47  00001060  afbefffc	sw	-4(r29),r30; push fp
   48  00001064  001df020	add	r30,r0,r29; fp = sp
   49  00001068  afbffff8	sw	-8(r29),r31; push ret addr
   50  0000106c  2fbd0010	subui	r29,r29,#16; alloc local storage
   51  00001070  afa20000	sw	0(r29),r2
   52  00001074  83df0003	lb	r31,3(r30)
   53  00001078  20020000	addi	r2,r0,#0
   54  0000107c  23e1ffd0	addi	r1,r31,#-48
   55  00001080  302100ff	andi	r1,r1,#0x00ff
   56  00001084  70210009	sleui	r1,r1,#9
   57  00001088  14200028	bnez	r1,L12_LF0
   58  0000108c  54000000	nop; not filled.
   59  00001090  23e1ff9f	addi	r1,r31,#-97
   60  00001094  302100ff	andi	r1,r1,#0x00ff
   61  00001098  70210005	sleui	r1,r1,#5
   62  0000109c  14200014	bnez	r1,L12_LF0
   63  000010a0  54000000	nop; not filled.
   64  000010a4  33e100ff	andi	r1,r31,#0x00ff
   65  000010a8  64210041	snei	r1,r1,#65
   66  000010ac  14200008	bnez	r1,L11_LF0
   67  000010b0  54000000	nop; not filled.
   68  000010b4          	L12_LF0:
   69  000010b4  20020001	addi	r2,r0,#1
   70  000010b8          	L11_LF0:
   71  000010b8  00020820	add	r1,r0,r2
   72  000010bc  8fa20000	lw	r2,0(r29)
   73  000010c0  8fdffff8	lw	r31,-8(r30)
   74  000010c4  001ee820	add	r29,r0,r30
   75  000010c8  8fdefffc	lw	r30,-4(r30)
   76  000010cc  4be00000	jr	r31
   77  000010d0  54000000	nop
   78  000010d4          	.endproc _isxdigit
   79  000010d4          	.data
   80  00003000          	.align 2
   81  00003000          	LC0_LF0:
   82  00003000  55736167	.ascii "Usage: \000"
   82  00003004  653a2000	
   83  00003008          	.align 2
   84  00003008          	LC1_LF0:
   85  00003008  203c6e75	.ascii " <number of processes to create>\n\000"
   85  0000300c  6d626572	
   85  00003010  206f6620	
   85  00003014  70726f63	
   85  00003018  65737365	
   85  0000301c  7320746f	
   85  00003020  20637265	
   85  00003024  6174653e	
   85  00003028  0a00    	
   86  0000302a          	.align 2
   87  0000302c          	LC2_LF0:
   88  0000302c  43726561	.ascii "Creating %d processes\n\000"
   88  00003030  74696e67	
   88  00003034  20256420	
   88  00003038  70726f63	
   88  0000303c  65737365	
   88  00003040  730a00  	
   89  00003043          	.align 2
   90  00003044          	LC3_LF0:
   91  00003044  4552524f	.ascii "ERROR: could not allocate shared memory page in \000"
   91  00003048  523a2063	
   91  0000304c  6f756c64	
   91  00003050  206e6f74	
   91  00003054  20616c6c	
   91  00003058  6f636174	
   91  0000305c  65207368	
   91  00003060  61726564	
   91  00003064  206d656d	
   91  00003068  6f727920	
   91  0000306c  70616765	
   91  00003070  20696e20	
   91  00003074  00      	
   92  00003075          	.align 2
   93  00003078          	LC4_LF0:
   94  00003078  2c206578	.ascii ", exiting...\n\000"
   94  0000307c  6974696e	
   94  00003080  672e2e2e	
   94  00003084  0a00    	
   95  00003086          	.align 2
   96  00003088          	LC5_LF0:
   97  00003088  436f756c	.ascii "Could not map the shared page to virtual address in \000"
   97  0000308c  64206e6f	
   97  00003090  74206d61	
   97  00003094  70207468	
   97  00003098  65207368	
   97  0000309c  61726564	
   97  000030a0  20706167	
   97  000030a4  6520746f	
   97  000030a8  20766972	
   97  000030ac  7475616c	
   97  000030b0  20616464	
   97  000030b4  72657373	
   97  000030b8  20696e20	
   97  000030bc  00      	
   98  000030bd          	.align 2
   99  000030c0          	LC6_LF0:
  100  000030c0  2c206578	.ascii ", exiting..\n\000"
  100  000030c4  6974696e	
  100  000030c8  672e2e0a	
  100  000030cc  00      	
  101  000030cd          	.align 2
  102  000030d0          	LC7_LF0:
  103  000030d0  42616420	.ascii "Bad sem_create in \000"
  103  000030d4  73656d5f	
  103  000030d8  63726561	
  103  000030dc  74652069	
  103  000030e0  6e2000  	
  104  000030e3          	.align 2
  105  000030e4          	LC8_LF0:
  106  000030e4  0a00    	.ascii "\n\000"
  107  000030e6          	.align 2
  108  000030e8          	LC9_LF0:
  109  000030e8  73706177	.ascii "spawn_producer.dlx.obj\000"
  109  000030ec  6e5f7072	
  109  000030f0  6f647563	
  109  000030f4  65722e64	
  109  000030f8  6c782e6f	
  109  000030fc  626a00  	
  110  000030ff          	.align 2
  111  00003100          	LC10_LF0:
  112  00003100  73706177	.ascii "spawn_consumer.dlx.obj\000"
  112  00003104  6e5f636f	
  112  00003108  6e73756d	
  112  0000310c  65722e64	
  112  00003110  6c782e6f	
  112  00003114  626a00  	
  113  00003117          	.align 2
  114  00003118          	LC11_LF0:
  115  00003118  50726f63	.ascii "Process %d created\n\000"
  115  0000311c  65737320	
  115  00003120  25642063	
  115  00003124  72656174	
  115  00003128  65640a00	
  116  0000312c          	.align 2
  117  0000312c          	LC12_LF0:
  118  0000312c  42616420	.ascii "Bad semaphore s_procs_completed (%d) in \000"
  118  00003130  73656d61	
  118  00003134  70686f72	
  118  00003138  6520735f	
  118  0000313c  70726f63	
  118  00003140  735f636f	
  118  00003144  6d706c65	
  118  00003148  74656420	
  118  0000314c  28256429	
  118  00003150  20696e20	
  118  00003154  00      	
  119  00003155          	.align 2
  120  00003158          	LC13_LF0:
  121  00003158  416c6c20	.ascii "All other processes completed, exiting main process.\n\000"
  121  0000315c  6f746865	
  121  00003160  72207072	
  121  00003164  6f636573	
  121  00003168  73657320	
  121  0000316c  636f6d70	
  121  00003170  6c657465	
  121  00003174  642c2065	
  121  00003178  78697469	
  121  0000317c  6e67206d	
  121  00003180  61696e20	
  121  00003184  70726f63	
  121  00003188  6573732e	
  121  0000318c  0a00    	
  122  0000318e          	.text
  123  000010d4          	.align 2
  124  000010d4          	.proc _main
  125  000010d4          	.global _main
  126  000010d4          	_main:
  127                      ;  Function 'main'; 32 bytes of locals, 0 regs to save.
  128  000010d4  afbefffc	sw	-4(r29),r30; push fp
  129  000010d8  001df020	add	r30,r0,r29; fp = sp
  130  000010dc  afbffff8	sw	-8(r29),r31; push ret addr
  131  000010e0  2fbd0028	subui	r29,r29,#40; alloc local storage
  132  000010e4  8fc20000	lw	r2,(r30)
  133  000010e8  8fc70004	lw	r7,4(r30)
  134  000010ec  0c001188	jal	___main
  135  000010f0  54000000	nop; not filled.
  136  000010f4  64410002	snei	r1,r2,#2
  137  000010f8  1020004c	beqz	r1,L14_LF0
  138  000010fc  54000000	nop; not filled.
  139  00001100  23bdfff8	addi	r29,r29,#-8
  140  00001104  3c080000	lhi	r8,((LC0_LF0)>>16)&0xffff
  141  00001108  25083000	addui	r8,r8,(LC0_LF0)&0xffff
  142  0000110c  afa80000	sw	(r29),r8
  143  00001110  0c00035c	jal	_Printf
  144  00001114  54000000	nop; not filled.
  145  00001118  8ce80000	lw	r8,(r7)
  146  0000111c  afa80000	sw	(r29),r8
  147  00001120  0c00034c	jal	_Printf
  148  00001124  54000000	nop; not filled.
  149  00001128  3c080000	lhi	r8,((LC1_LF0)>>16)&0xffff
  150  0000112c  25083008	addui	r8,r8,(LC1_LF0)&0xffff
  151  00001130  afa80000	sw	(r29),r8
  152  00001134  0c000338	jal	_Printf
  153  00001138  54000000	nop; not filled.
  154  0000113c  0c0003e4	jal	_Exit
  155  00001140  54000000	nop; not filled.
  156  00001144  23bd0008	addi	r29,r29,#8
  157  00001148          	L14_LF0:
  158  00001148  23bdfff0	addi	r29,r29,#-16
  159  0000114c  8ce80004	lw	r8,4(r7)
  160  00001150  afa80000	sw	(r29),r8
  161  00001154  20080000	addi	r8,r0,#0
  162  00001158  afa80004	sw	4(r29),r8
  163  0000115c  2008000a	addi	r8,r0,#10
  164  00001160  afa80008	sw	8(r29),r8
  165  00001164  0c000c68	jal	_dstrtol
  166  00001168  54000000	nop; not filled.
  167  0000116c  00013020	add	r6,r0,r1
  168  00001170  3c080000	lhi	r8,((LC2_LF0)>>16)&0xffff
  169  00001174  2508302c	addui	r8,r8,(LC2_LF0)&0xffff
  170  00001178  afa80000	sw	(r29),r8
  171  0000117c  afa60004	sw	4(r29),r6
  172  00001180  0c0002ec	jal	_Printf
  173  00001184  54000000	nop; not filled.
  174  00001188  0c000308	jal	_shmget
  175  0000118c  54000000	nop; not filled.
  176  00001190  00011820	add	r3,r0,r1
  177  00001194  23bd0010	addi	r29,r29,#16
  178  00001198  64610000	snei	r1,r3,#0
  179  0000119c  1420004c	bnez	r1,L15_LF0
  180  000011a0  54000000	nop; not filled.
  181  000011a4  23bdfff8	addi	r29,r29,#-8
  182  000011a8  3c080000	lhi	r8,((LC3_LF0)>>16)&0xffff
  183  000011ac  25083044	addui	r8,r8,(LC3_LF0)&0xffff
  184  000011b0  afa80000	sw	(r29),r8
  185  000011b4  0c0002b8	jal	_Printf
  186  000011b8  54000000	nop; not filled.
  187  000011bc  8ce80000	lw	r8,(r7)
  188  000011c0  afa80000	sw	(r29),r8
  189  000011c4  0c0002a8	jal	_Printf
  190  000011c8  54000000	nop; not filled.
  191  000011cc  3c080000	lhi	r8,((LC4_LF0)>>16)&0xffff
  192  000011d0  25083078	addui	r8,r8,(LC4_LF0)&0xffff
  193  000011d4  afa80000	sw	(r29),r8
  194  000011d8  0c000294	jal	_Printf
  195  000011dc  54000000	nop; not filled.
  196  000011e0  0c000340	jal	_Exit
  197  000011e4  54000000	nop; not filled.
  198  000011e8  23bd0008	addi	r29,r29,#8
  199  000011ec          	L15_LF0:
  200  000011ec  23bdfff8	addi	r29,r29,#-8
  201  000011f0  afa30000	sw	(r29),r3
  202  000011f4  0c0002a8	jal	_shmat
  203  000011f8  54000000	nop; not filled.
  204  000011fc  00011020	add	r2,r0,r1
  205  00001200  23bd0008	addi	r29,r29,#8
  206  00001204  64410000	snei	r1,r2,#0
  207  00001208  1420004c	bnez	r1,L16_LF0
  208  0000120c  54000000	nop; not filled.
  209  00001210  23bdfff8	addi	r29,r29,#-8
  210  00001214  3c080000	lhi	r8,((LC5_LF0)>>16)&0xffff
  211  00001218  25083088	addui	r8,r8,(LC5_LF0)&0xffff
  212  0000121c  afa80000	sw	(r29),r8
  213  00001220  0c00024c	jal	_Printf
  214  00001224  54000000	nop; not filled.
  215  00001228  8ce80000	lw	r8,(r7)
  216  0000122c  afa80000	sw	(r29),r8
  217  00001230  0c00023c	jal	_Printf
  218  00001234  54000000	nop; not filled.
  219  00001238  3c080000	lhi	r8,((LC6_LF0)>>16)&0xffff
  220  0000123c  250830c0	addui	r8,r8,(LC6_LF0)&0xffff
  221  00001240  afa80000	sw	(r29),r8
  222  00001244  0c000228	jal	_Printf
  223  00001248  54000000	nop; not filled.
  224  0000124c  0c0002d4	jal	_Exit
  225  00001250  54000000	nop; not filled.
  226  00001254  23bd0008	addi	r29,r29,#8
  227  00001258          	L16_LF0:
  228  00001258  2008000b	addi	r8,r0,#11
  229  0000125c  ac480000	sw	(r2),r8
  230  00001260  20080000	addi	r8,r0,#0
  231  00001264  ac480010	sw	16(r2),r8
  232  00001268  ac480014	sw	20(r2),r8
  233  0000126c  23bdfff8	addi	r29,r29,#-8
  234  00001270  20010001	addi	r1,r0,#1
  235  00001274  00260822	sub	r1,r1,r6
  236  00001278  afa10000	sw	(r29),r1
  237  0000127c  0c00022c	jal	_sem_create
  238  00001280  54000000	nop; not filled.
  239  00001284  00012820	add	r5,r0,r1
  240  00001288  23bd0008	addi	r29,r29,#8
  241  0000128c  60a1ffff	seqi	r1,r5,#-1
  242  00001290  1020004c	beqz	r1,L17_LF0
  243  00001294  54000000	nop; not filled.
  244  00001298  23bdfff8	addi	r29,r29,#-8
  245  0000129c  3c080000	lhi	r8,((LC7_LF0)>>16)&0xffff
  246  000012a0  250830d0	addui	r8,r8,(LC7_LF0)&0xffff
  247  000012a4  afa80000	sw	(r29),r8
  248  000012a8  0c0001c4	jal	_Printf
  249  000012ac  54000000	nop; not filled.
  250  000012b0  8ce80000	lw	r8,(r7)
  251  000012b4  afa80000	sw	(r29),r8
  252  000012b8  0c0001b4	jal	_Printf
  253  000012bc  54000000	nop; not filled.
  254  000012c0  3c080000	lhi	r8,((LC8_LF0)>>16)&0xffff
  255  000012c4  250830e4	addui	r8,r8,(LC8_LF0)&0xffff
  256  000012c8  afa80000	sw	(r29),r8
  257  000012cc  0c0001a0	jal	_Printf
  258  000012d0  54000000	nop; not filled.
  259  000012d4  0c00024c	jal	_Exit
  260  000012d8  54000000	nop; not filled.
  261  000012dc  23bd0008	addi	r29,r29,#8
  262  000012e0          	L17_LF0:
  263  000012e0  23bdfff8	addi	r29,r29,#-8
  264  000012e4  afa30000	sw	(r29),r3
  265  000012e8  23c4ffe8	addi	r4,r30,#-24
  266  000012ec  afa40004	sw	4(r29),r4
  267  000012f0  0c000950	jal	_ditoa
  268  000012f4  54000000	nop; not filled.
  269  000012f8  afa50000	sw	(r29),r5
  270  000012fc  23c3ffd8	addi	r3,r30,#-40
  271  00001300  afa30004	sw	4(r29),r3
  272  00001304  0c00093c	jal	_ditoa
  273  00001308  54000000	nop; not filled.
  274  0000130c  20020000	addi	r2,r0,#0
  275  00001310  23bd0008	addi	r29,r29,#8
  276  00001314  0046082a	slt	r1,r2,r6
  277  00001318  1020007c	beqz	r1,L19_LF0
  278  0000131c  54000000	nop; not filled.
  279  00001320          	L21_LF0:
  280  00001320  23bdfff0	addi	r29,r29,#-16
  281  00001324  3c080000	lhi	r8,((LC9_LF0)>>16)&0xffff
  282  00001328  250830e8	addui	r8,r8,(LC9_LF0)&0xffff
  283  0000132c  afa80000	sw	(r29),r8
  284  00001330  afa40004	sw	4(r29),r4
  285  00001334  afa30008	sw	8(r29),r3
  286  00001338  20080000	addi	r8,r0,#0
  287  0000133c  afa8000c	sw	12(r29),r8
  288  00001340  0c000144	jal	_process_create
  289  00001344  54000000	nop; not filled.
  290  00001348  3c080000	lhi	r8,((LC10_LF0)>>16)&0xffff
  291  0000134c  25083100	addui	r8,r8,(LC10_LF0)&0xffff
  292  00001350  afa80000	sw	(r29),r8
  293  00001354  afa40004	sw	4(r29),r4
  294  00001358  afa30008	sw	8(r29),r3
  295  0000135c  20080000	addi	r8,r0,#0
  296  00001360  afa8000c	sw	12(r29),r8
  297  00001364  0c000120	jal	_process_create
  298  00001368  54000000	nop; not filled.
  299  0000136c  3c080000	lhi	r8,((LC11_LF0)>>16)&0xffff
  300  00001370  25083118	addui	r8,r8,(LC11_LF0)&0xffff
  301  00001374  afa80000	sw	(r29),r8
  302  00001378  afa20004	sw	4(r29),r2
  303  0000137c  0c0000f0	jal	_Printf
  304  00001380  54000000	nop; not filled.
  305  00001384  23bd0010	addi	r29,r29,#16
  306  00001388  20420001	addi	r2,r2,#1
  307  0000138c  0046082a	slt	r1,r2,r6
  308  00001390  1420ff8c	bnez	r1,L21_LF0
  309  00001394  54000000	nop; not filled.
  310  00001398          	L19_LF0:
  311  00001398  23bdfff8	addi	r29,r29,#-8
  312  0000139c  afa50000	sw	(r29),r5
  313  000013a0  0c000114	jal	_sem_wait
  314  000013a4  54000000	nop; not filled.
  315  000013a8  23bd0008	addi	r29,r29,#8
  316  000013ac  64210001	snei	r1,r1,#1
  317  000013b0  10200050	beqz	r1,L23_LF0
  318  000013b4  54000000	nop; not filled.
  319  000013b8  23bdfff8	addi	r29,r29,#-8
  320  000013bc  3c080000	lhi	r8,((LC12_LF0)>>16)&0xffff
  321  000013c0  2508312c	addui	r8,r8,(LC12_LF0)&0xffff
  322  000013c4  afa80000	sw	(r29),r8
  323  000013c8  afa50004	sw	4(r29),r5
  324  000013cc  0c0000a0	jal	_Printf
  325  000013d0  54000000	nop; not filled.
  326  000013d4  8ce70000	lw	r7,(r7)
  327  000013d8  afa70000	sw	(r29),r7
  328  000013dc  0c000090	jal	_Printf
  329  000013e0  54000000	nop; not filled.
  330  000013e4  3c080000	lhi	r8,((LC8_LF0)>>16)&0xffff
  331  000013e8  250830e4	addui	r8,r8,(LC8_LF0)&0xffff
  332  000013ec  afa80000	sw	(r29),r8
  333  000013f0  0c00007c	jal	_Printf
  334  000013f4  54000000	nop; not filled.
  335  000013f8  0c000128	jal	_Exit
  336  000013fc  54000000	nop; not filled.
  337  00001400  23bd0008	addi	r29,r29,#8
  338  00001404          	L23_LF0:
  339  00001404  23bdfff8	addi	r29,r29,#-8
  340  00001408  3c080000	lhi	r8,((LC13_LF0)>>16)&0xffff
  341  0000140c  25083158	addui	r8,r8,(LC13_LF0)&0xffff
  342  00001410  afa80000	sw	(r29),r8
  343  00001414  0c000058	jal	_Printf
  344  00001418  54000000	nop; not filled.
  345  0000141c  23bd0008	addi	r29,r29,#8
  346  00001420  0c000e48	jal	_exit
  347  00001424  54000000	nop
  348  00001428          	.endproc _main
  349                      ;;;
  350                      ;;; Stub functions for DLX traps.
  351                      ;;;
  352                      ;;; Ethan L. Miller, 1999.  Released to the public domain.
  353                      ;;;
  354                      ;;; The traps such as Open and Close
  355                      ;;; (note the capital letters) are for use by user programs.  The traps
  356                      ;;; with names such as open and close (lower case) are for use by the OS.
  357                      ;;;
  360  00001428          	.align 2
  362                      ;;; The following are the traps to be used by user-level programs
  363                      ;;;
  365  00001428          	.align 2
  366  00001428          	.proc _Open
  367  00001428          	.global _Open
  368  00001428          	_Open:
  369                      ;;; Note that trap #0x213 actually causes a trap vector in the OS of
  370                      ;;; 0x1213.  The same is true for other user traps.  Thus, a user trap
  371                      ;;; with trap #0x240 will result in a trap vector of 0x1240 in the OS.
  372  00001428  44000213	trap	#0x213
  373  0000142c  4be00000	jr	r31
  374  00001430  54000000	nop
  375  00001434          	.endproc _Open
  377  00001434          	.proc _Close
  378  00001434          	.global _Close
  379  00001434          	_Close:
  380  00001434  44000214	trap	#0x214
  381  00001438  4be00000	jr	r31
  382  0000143c  54000000	nop
  383  00001440          	.endproc _Close
  385  00001440          	.proc _Read
  386  00001440          	.global _Read
  387  00001440          	_Read:
  388  00001440  44000210	trap	#0x210
  389  00001444  4be00000	jr	r31
  390  00001448  54000000	nop
  391  0000144c          	.endproc _Read
  393  0000144c          	.proc _Write
  394  0000144c          	.global _Write
  395  0000144c          	_Write:
  396  0000144c  44000211	trap	#0x211
  397  00001450  4be00000	jr	r31
  398  00001454  54000000	nop
  399  00001458          	.endproc _Write
  401  00001458          	.proc _Lseek
  402  00001458          	.global _Lseek
  403  00001458          	_Lseek:
  404  00001458  44000212	trap	#0x212
  405  0000145c  4be00000	jr	r31
  406  00001460  54000000	nop
  407  00001464          	.endproc _Lseek
  409  00001464          	.proc _Putchar
  410  00001464          	.global _Putchar
  411  00001464          	_Putchar:
  412  00001464  44000280	trap	#0x280
  413  00001468  4be00000	jr	r31
  414  0000146c  54000000	nop
  415  00001470          	.endproc _Putchar
  417  00001470          	.proc _Printf
  418  00001470          	.global _Printf
  419  00001470          	_Printf:
  420  00001470  44000201	trap	#0x201
  421  00001474  4be00000	jr	r31
  422  00001478  54000000	nop
  423  0000147c          	.endproc _Printf
  425  0000147c          	.proc _getpid
  426  0000147c          	.global _getpid
  427  0000147c          	_getpid:
  428  0000147c  44000431	trap	#0x431
  429  00001480  4be00000	jr	r31
  430  00001484  54000000	nop
  431  00001488          	.endproc _getpid
  433  00001488          	.proc _process_create
  434  00001488          	.global _process_create
  435  00001488          	_process_create:
  436  00001488  44000432	trap	#0x432
  437  0000148c  4be00000	jr	r31
  438  00001490  54000000	nop
  439  00001494          	.endproc _process_create
  441  00001494          	.proc _shmget
  442  00001494          	.global _shmget
  443  00001494          	_shmget:
  444  00001494  44000440	trap	#0x440
  445  00001498  4be00000	jr	r31
  446  0000149c  54000000	nop
  447  000014a0          	.endproc _shmget
  449  000014a0          	.proc _shmat
  450  000014a0          	.global _shmat
  451  000014a0          	_shmat:
  452  000014a0  44000441	trap	#0x441
  453  000014a4  4be00000	jr	r31
  454  000014a8  54000000	nop
  455  000014ac          	.endproc _shmat
  457  000014ac          	.proc _sem_create
  458  000014ac          	.global _sem_create
  459  000014ac          	_sem_create:
  460  000014ac  44000450	trap	#0x450
  461  000014b0  4be00000	jr	r31
  462  000014b4  54000000	nop
  463  000014b8          	.endproc _sem_create
  465  000014b8          	.proc _sem_wait
  466  000014b8          	.global _sem_wait
  467  000014b8          	_sem_wait:
  468  000014b8  44000451	trap	#0x451
  469  000014bc  4be00000	jr	r31
  470  000014c0  54000000	nop
  471  000014c4          	.endproc _sem_wait
  473  000014c4          	.proc _sem_signal
  474  000014c4          	.global _sem_signal
  475  000014c4          	_sem_signal:
  476  000014c4  44000452	trap	#0x452
  477  000014c8  4be00000	jr	r31
  478  000014cc  54000000	nop
  479  000014d0          	.endproc _sem_signal
  481  000014d0          	.proc _lock_create
  482  000014d0          	.global _lock_create
  483  000014d0          	_lock_create:
  484  000014d0  44000453	trap	#0x453
  485  000014d4  4be00000	jr	r31
  486  000014d8  54000000	nop
  487  000014dc          	.endproc _lock_create
  489  000014dc          	.proc _lock_acquire
  490  000014dc          	.global _lock_acquire
  491  000014dc          	_lock_acquire:
  492  000014dc  44000454	trap	#0x454
  493  000014e0  4be00000	jr	r31
  494  000014e4  54000000	nop
  495  000014e8          	.endproc _lock_acquire
  497  000014e8          	.proc _lock_release
  498  000014e8          	.global _lock_release
  499  000014e8          	_lock_release:
  500  000014e8  44000455	trap	#0x455
  501  000014ec  4be00000	jr	r31
  502  000014f0  54000000	nop
  503  000014f4          	.endproc _lock_release
  505  000014f4          	.proc _cond_create
  506  000014f4          	.global _cond_create
  507  000014f4          	_cond_create:
  508  000014f4  44000456	trap	#0x456
  509  000014f8  4be00000	jr	r31
  510  000014fc  54000000	nop
  511  00001500          	.endproc _cond_create
  513  00001500          	.proc _cond_wait
  514  00001500          	.global _cond_wait
  515  00001500          	_cond_wait:
  516  00001500  44000457	trap	#0x457
  517  00001504  4be00000	jr	r31
  518  00001508  54000000	nop
  519  0000150c          	.endproc _cond_wait
  521  0000150c          	.proc _cond_signal
  522  0000150c          	.global _cond_signal
  523  0000150c          	_cond_signal:
  524  0000150c  44000458	trap	#0x458
  525  00001510  4be00000	jr	r31
  526  00001514  54000000	nop
  527  00001518          	.endproc _cond_signal
  529  00001518          	.proc _cond_broadcast
  530  00001518          	.global _cond_broadcast
  531  00001518          	_cond_broadcast:
  532  00001518  44000455	trap	#0x455
  533  0000151c  4be00000	jr	r31
  534  00001520  54000000	nop
  535  00001524          	.endproc _cond_broadcast
  537  00001524          	.proc _Exit
  538  00001524          	.global _Exit
  539  00001524          	_Exit:
  540  00001524  44000500	trap	#0x500
  541  00001528  4be00000	jr	r31
  542  0000152c  54000000	nop
  543  00001530          	.endproc _Exit
  544                      ; Compiled by GCC
  546  00001530          	.align 2
  547  00001530          	.proc _isspace
  548  00001530          	.global _isspace
  549  00001530          	_isspace:
  550                      ;  Function 'isspace'; 0 bytes of locals, 3 regs to save.
  551  00001530  afbefffc	sw	-4(r29),r30; push fp
  552  00001534  001df020	add	r30,r0,r29; fp = sp
  553  00001538  afbffff8	sw	-8(r29),r31; push ret addr
  554  0000153c  2fbd0018	subui	r29,r29,#24; alloc local storage
  555  00001540  afa20000	sw	0(r29),r2
  556  00001544  afa30004	sw	4(r29),r3
  557  00001548  afa40008	sw	8(r29),r4
  558  0000154c  83c20003	lb	r2,3(r30)
  559  00001550  20010000	addi	r1,r0,#0
  560  00001554  304300ff	andi	r3,r2,#0x00ff
  561  00001558  60640020	seqi	r4,r3,#32
  562  0000155c  1480002c	bnez	r4,L3_LF2
  563  00001560  54000000	nop; delay slot nop
  564  00001564  304300ff	andi	r3,r2,#0x00ff
  565  00001568  60640009	seqi	r4,r3,#9
  566  0000156c  1480001c	bnez	r4,L3_LF2
  567  00001570  54000000	nop; delay slot nop
  568  00001574  304300ff	andi	r3,r2,#0x00ff
  569  00001578  6064000a	seqi	r4,r3,#10
  570  0000157c  1480000c	bnez	r4,L3_LF2
  571  00001580  54000000	nop; delay slot nop
  572  00001584  08000008	j	L2_LF2
  573  00001588  54000000	nop; delay slot nop
  574  0000158c          	L3_LF2:
  575  0000158c  20010001	addi	r1,r0,#1
  576  00001590          	L2_LF2:
  577  00001590  08000004	j	L1_LF2
  578  00001594  54000000	nop; delay slot nop
  579  00001598          	L1_LF2:
  580  00001598  8fa20000	lw	r2,0(r29)
  581  0000159c  8fa30004	lw	r3,4(r29)
  582  000015a0  8fa40008	lw	r4,8(r29)
  583  000015a4  8fdffff8	lw	r31,-8(r30)
  584  000015a8  001ee820	add	r29,r0,r30
  585  000015ac  8fdefffc	lw	r30,-4(r30)
  586  000015b0  4be00000	jr	r31
  587  000015b4  54000000	nop
  588  000015b8          	.endproc _isspace
  589  000015b8          	.align 2
  590  000015b8          	.proc _isxdigit
  591  000015b8          	.global _isxdigit
  592  000015b8          	_isxdigit:
  593                      ;  Function 'isxdigit'; 0 bytes of locals, 3 regs to save.
  594  000015b8  afbefffc	sw	-4(r29),r30; push fp
  595  000015bc  001df020	add	r30,r0,r29; fp = sp
  596  000015c0  afbffff8	sw	-8(r29),r31; push ret addr
  597  000015c4  2fbd0018	subui	r29,r29,#24; alloc local storage
  598  000015c8  afa20000	sw	0(r29),r2
  599  000015cc  afa30004	sw	4(r29),r3
  600  000015d0  afa40008	sw	8(r29),r4
  601  000015d4  83c20003	lb	r2,3(r30)
  602  000015d8  20010000	addi	r1,r0,#0
  603  000015dc  304300ff	andi	r3,r2,#0x00ff
  604  000015e0  6c64002f	sgtui	r4,r3,#47
  605  000015e4  1080001c	beqz	r4,L7_LF2
  606  000015e8  54000000	nop; delay slot nop
  607  000015ec  304300ff	andi	r3,r2,#0x00ff
  608  000015f0  70640039	sleui	r4,r3,#57
  609  000015f4  1480005c	bnez	r4,L6_LF2
  610  000015f8  54000000	nop; delay slot nop
  611  000015fc  08000004	j	L7_LF2
  612  00001600  54000000	nop; delay slot nop
  613  00001604          	L7_LF2:
  614  00001604  304300ff	andi	r3,r2,#0x00ff
  615  00001608  6c640060	sgtui	r4,r3,#96
  616  0000160c  1080001c	beqz	r4,L8_LF2
  617  00001610  54000000	nop; delay slot nop
  618  00001614  304300ff	andi	r3,r2,#0x00ff
  619  00001618  70640066	sleui	r4,r3,#102
  620  0000161c  14800034	bnez	r4,L6_LF2
  621  00001620  54000000	nop; delay slot nop
  622  00001624  08000004	j	L8_LF2
  623  00001628  54000000	nop; delay slot nop
  624  0000162c          	L8_LF2:
  625  0000162c  304300ff	andi	r3,r2,#0x00ff
  626  00001630  6c640040	sgtui	r4,r3,#64
  627  00001634  10800020	beqz	r4,L5_LF2
  628  00001638  54000000	nop; delay slot nop
  629  0000163c  304300ff	andi	r3,r2,#0x00ff
  630  00001640  70640041	sleui	r4,r3,#65
  631  00001644  1480000c	bnez	r4,L6_LF2
  632  00001648  54000000	nop; delay slot nop
  633  0000164c  08000008	j	L5_LF2
  634  00001650  54000000	nop; delay slot nop
  635  00001654          	L6_LF2:
  636  00001654  20010001	addi	r1,r0,#1
  637  00001658          	L5_LF2:
  638  00001658  08000004	j	L4_LF2
  639  0000165c  54000000	nop; delay slot nop
  640  00001660          	L4_LF2:
  641  00001660  8fa20000	lw	r2,0(r29)
  642  00001664  8fa30004	lw	r3,4(r29)
  643  00001668  8fa40008	lw	r4,8(r29)
  644  0000166c  8fdffff8	lw	r31,-8(r30)
  645  00001670  001ee820	add	r29,r0,r30
  646  00001674  8fdefffc	lw	r30,-4(r30)
  647  00001678  4be00000	jr	r31
  648  0000167c  54000000	nop
  649  00001680          	.endproc _isxdigit
  650  00001680          	.align 2
  651  00001680          	.proc _dstrcpy
  652  00001680          	.global _dstrcpy
  653  00001680          	_dstrcpy:
  654                      ;  Function 'dstrcpy'; 8 bytes of locals, 2 regs to save.
  655  00001680  afbefffc	sw	-4(r29),r30; push fp
  656  00001684  001df020	add	r30,r0,r29; fp = sp
  657  00001688  afbffff8	sw	-8(r29),r31; push ret addr
  658  0000168c  2fbd0018	subui	r29,r29,#24; alloc local storage
  659  00001690  afa20000	sw	0(r29),r2
  660  00001694  afa30004	sw	4(r29),r3
  661  00001698  8fc10000	lw	r1,(r30)
  662  0000169c  afc1fff4	sw	-12(r30),r1
  663  000016a0          	L10_LF2:
  664  000016a0  8fc10000	lw	r1,(r30)
  665  000016a4  20220001	addi	r2,r1,#1
  666  000016a8  afc20000	sw	(r30),r2
  667  000016ac  8fc20004	lw	r2,4(r30)
  668  000016b0  20430001	addi	r3,r2,#1
  669  000016b4  afc30004	sw	4(r30),r3
  670  000016b8  80420000	lb	r2,(r2)
  671  000016bc  a0220000	sb	(r1),r2
  672  000016c0  a3c2fff3	sb	-13(r30),r2
  673  000016c4          	L12_LF2:
  674  000016c4  93c1fff3	lbu	r1,-13(r30)
  675  000016c8  64220000	snei	r2,r1,#0
  676  000016cc  1440000c	bnez	r2,L13_LF2
  677  000016d0  54000000	nop; delay slot nop
  678  000016d4  0800000c	j	L11_LF2
  679  000016d8  54000000	nop; delay slot nop
  680  000016dc          	L13_LF2:
  681  000016dc  0bffffc0	j	L10_LF2
  682  000016e0  54000000	nop; delay slot nop
  683  000016e4          	L11_LF2:
  684  000016e4  8fc1fff4	lw	r1,-12(r30)
  685  000016e8  08000004	j	L9_LF2
  686  000016ec  54000000	nop; delay slot nop
  687  000016f0          	L9_LF2:
  688  000016f0  8fa20000	lw	r2,0(r29)
  689  000016f4  8fa30004	lw	r3,4(r29)
  690  000016f8  8fdffff8	lw	r31,-8(r30)
  691  000016fc  001ee820	add	r29,r0,r30
  692  00001700  8fdefffc	lw	r30,-4(r30)
  693  00001704  4be00000	jr	r31
  694  00001708  54000000	nop
  695  0000170c          	.endproc _dstrcpy
  696  0000170c          	.align 2
  697  0000170c          	.proc _dstrncpy
  698  0000170c          	.global _dstrncpy
  699  0000170c          	_dstrncpy:
  700                      ;  Function 'dstrncpy'; 8 bytes of locals, 2 regs to save.
  701  0000170c  afbefffc	sw	-4(r29),r30; push fp
  702  00001710  001df020	add	r30,r0,r29; fp = sp
  703  00001714  afbffff8	sw	-8(r29),r31; push ret addr
  704  00001718  2fbd0018	subui	r29,r29,#24; alloc local storage
  705  0000171c  afa20000	sw	0(r29),r2
  706  00001720  afa30004	sw	4(r29),r3
  707  00001724  8fc10000	lw	r1,(r30)
  708  00001728  afc1fff4	sw	-12(r30),r1
  709  0000172c          	L15_LF2:
  710  0000172c  8fc10008	lw	r1,8(r30)
  711  00001730  2022ffff	addi	r2,r1,#-1
  712  00001734  afc20008	sw	8(r30),r2
  713  00001738  70210000	slei	r1,r1,#0
  714  0000173c  1020000c	beqz	r1,L18_LF2
  715  00001740  54000000	nop; delay slot nop
  716  00001744  08000048	j	L16_LF2
  717  00001748  54000000	nop; delay slot nop
  718  0000174c          	L18_LF2:
  719  0000174c  8fc10000	lw	r1,(r30)
  720  00001750  20220001	addi	r2,r1,#1
  721  00001754  afc20000	sw	(r30),r2
  722  00001758  8fc20004	lw	r2,4(r30)
  723  0000175c  20430001	addi	r3,r2,#1
  724  00001760  afc30004	sw	4(r30),r3
  725  00001764  80420000	lb	r2,(r2)
  726  00001768  a0220000	sb	(r1),r2
  727  0000176c  a3c2fff3	sb	-13(r30),r2
  728  00001770          	L17_LF2:
  729  00001770  93c1fff3	lbu	r1,-13(r30)
  730  00001774  64220000	snei	r2,r1,#0
  731  00001778  1440000c	bnez	r2,L19_LF2
  732  0000177c  54000000	nop; delay slot nop
  733  00001780  0800000c	j	L16_LF2
  734  00001784  54000000	nop; delay slot nop
  735  00001788          	L19_LF2:
  736  00001788  0bffffa0	j	L15_LF2
  737  0000178c  54000000	nop; delay slot nop
  738  00001790          	L16_LF2:
  739  00001790  8fc1fff4	lw	r1,-12(r30)
  740  00001794  08000004	j	L14_LF2
  741  00001798  54000000	nop; delay slot nop
  742  0000179c          	L14_LF2:
  743  0000179c  8fa20000	lw	r2,0(r29)
  744  000017a0  8fa30004	lw	r3,4(r29)
  745  000017a4  8fdffff8	lw	r31,-8(r30)
  746  000017a8  001ee820	add	r29,r0,r30
  747  000017ac  8fdefffc	lw	r30,-4(r30)
  748  000017b0  4be00000	jr	r31
  749  000017b4  54000000	nop
  750  000017b8          	.endproc _dstrncpy
  751  000017b8          	.align 2
  752  000017b8          	.proc _dstrcat
  753  000017b8          	.global _dstrcat
  754  000017b8          	_dstrcat:
  755                      ;  Function 'dstrcat'; 8 bytes of locals, 1 regs to save.
  756  000017b8  afbefffc	sw	-4(r29),r30; push fp
  757  000017bc  001df020	add	r30,r0,r29; fp = sp
  758  000017c0  afbffff8	sw	-8(r29),r31; push ret addr
  759  000017c4  2fbd0018	subui	r29,r29,#24; alloc local storage
  760  000017c8  afa20000	sw	0(r29),r2
  761  000017cc  8fc10000	lw	r1,(r30)
  762  000017d0  afc1fff4	sw	-12(r30),r1
  763  000017d4          	L21_LF2:
  764  000017d4  8fc10000	lw	r1,(r30)
  765  000017d8  90220000	lbu	r2,(r1)
  766  000017dc  64410000	snei	r1,r2,#0
  767  000017e0  1420000c	bnez	r1,L23_LF2
  768  000017e4  54000000	nop; delay slot nop
  769  000017e8  0800001c	j	L22_LF2
  770  000017ec  54000000	nop; delay slot nop
  771  000017f0          	L23_LF2:
  772  000017f0  8fc20000	lw	r2,(r30)
  773  000017f4  20410001	addi	r1,r2,#1
  774  000017f8  00011020	add	r2,r0,r1
  775  000017fc  afc20000	sw	(r30),r2
  776  00001800  0bffffd0	j	L21_LF2
  777  00001804  54000000	nop; delay slot nop
  778  00001808          	L22_LF2:
  779  00001808  23bdfff8	addi	r29,r29,#-8
  780  0000180c  001d0820	add	r1,r0,r29
  781  00001810  8fc20000	lw	r2,(r30)
  782  00001814  ac220000	sw	(r1),r2
  783  00001818  8fc20004	lw	r2,4(r30)
  784  0000181c  ac220004	sw	4(r1),r2
  785  00001820  0ffffe5c	jal	_dstrcpy
  786  00001824  54000000	nop; delay slot nop
  787  00001828  23bd0008	addi	r29,r29,#8
  788  0000182c  8fc1fff4	lw	r1,-12(r30)
  789  00001830  08000004	j	L20_LF2
  790  00001834  54000000	nop; delay slot nop
  791  00001838          	L20_LF2:
  792  00001838  8fa20000	lw	r2,0(r29)
  793  0000183c  8fdffff8	lw	r31,-8(r30)
  794  00001840  001ee820	add	r29,r0,r30
  795  00001844  8fdefffc	lw	r30,-4(r30)
  796  00001848  4be00000	jr	r31
  797  0000184c  54000000	nop
  798  00001850          	.endproc _dstrcat
  799  00001850          	.align 2
  800  00001850          	.proc _dstrncmp
  801  00001850          	.global _dstrncmp
  802  00001850          	_dstrncmp:
  803                      ;  Function 'dstrncmp'; 8 bytes of locals, 2 regs to save.
  804  00001850  afbefffc	sw	-4(r29),r30; push fp
  805  00001854  001df020	add	r30,r0,r29; fp = sp
  806  00001858  afbffff8	sw	-8(r29),r31; push ret addr
  807  0000185c  2fbd0018	subui	r29,r29,#24; alloc local storage
  808  00001860  afa20000	sw	0(r29),r2
  809  00001864  afa30004	sw	4(r29),r3
  810  00001868  54000000	nop
  811  0000186c  20010000	addi	r1,r0,#0
  812  00001870  afc1fff4	sw	-12(r30),r1
  813  00001874          	L25_LF2:
  814  00001874  8fc1fff4	lw	r1,-12(r30)
  815  00001878  8fc20008	lw	r2,8(r30)
  816  0000187c  0022082a	slt	r1,r1,r2
  817  00001880  1420000c	bnez	r1,L28_LF2
  818  00001884  54000000	nop; delay slot nop
  819  00001888  08000088	j	L26_LF2
  820  0000188c  54000000	nop; delay slot nop
  821  00001890          	L28_LF2:
  822  00001890  8fc10004	lw	r1,4(r30)
  823  00001894  90220000	lbu	r2,(r1)
  824  00001898  64410000	snei	r1,r2,#0
  825  0000189c  14200018	bnez	r1,L29_LF2
  826  000018a0  54000000	nop; delay slot nop
  827  000018a4  20010000	addi	r1,r0,#0
  828  000018a8  080000d8	j	L24_LF2
  829  000018ac  54000000	nop; delay slot nop
  830  000018b0  08000028	j	L30_LF2
  831  000018b4  54000000	nop; delay slot nop
  832  000018b8          	L29_LF2:
  833  000018b8  8fc10000	lw	r1,(r30)
  834  000018bc  8fc20004	lw	r2,4(r30)
  835  000018c0  90210000	lbu	r1,(r1)
  836  000018c4  90420000	lbu	r2,(r2)
  837  000018c8  00220829	sne	r1,r1,r2
  838  000018cc  1020000c	beqz	r1,L30_LF2
  839  000018d0  54000000	nop; delay slot nop
  840  000018d4  0800003c	j	L26_LF2
  841  000018d8  54000000	nop; delay slot nop
  842  000018dc          	L31_LF2:
  843  000018dc          	L30_LF2:
  844  000018dc  8fc20000	lw	r2,(r30)
  845  000018e0  20410001	addi	r1,r2,#1
  846  000018e4  00011020	add	r2,r0,r1
  847  000018e8  afc20000	sw	(r30),r2
  848  000018ec  8fc20004	lw	r2,4(r30)
  849  000018f0  20410001	addi	r1,r2,#1
  850  000018f4  00011020	add	r2,r0,r1
  851  000018f8  afc20004	sw	4(r30),r2
  852  000018fc          	L27_LF2:
  853  000018fc  8fc2fff4	lw	r2,-12(r30)
  854  00001900  20410001	addi	r1,r2,#1
  855  00001904  00011020	add	r2,r0,r1
  856  00001908  afc2fff4	sw	-12(r30),r2
  857  0000190c  0bffff64	j	L25_LF2
  858  00001910  54000000	nop; delay slot nop
  859  00001914          	L26_LF2:
  860  00001914  8fc1fff4	lw	r1,-12(r30)
  861  00001918  8fc20008	lw	r2,8(r30)
  862  0000191c  00220828	seq	r1,r1,r2
  863  00001920  10200018	beqz	r1,L32_LF2
  864  00001924  54000000	nop; delay slot nop
  865  00001928  20010000	addi	r1,r0,#0
  866  0000192c  08000054	j	L24_LF2
  867  00001930  54000000	nop; delay slot nop
  868  00001934  0800004c	j	L33_LF2
  869  00001938  54000000	nop; delay slot nop
  870  0000193c          	L32_LF2:
  871  0000193c  8fc20000	lw	r2,(r30)
  872  00001940  90410000	lbu	r1,(r2)
  873  00001944  8fc20004	lw	r2,4(r30)
  874  00001948  90430000	lbu	r3,(r2)
  875  0000194c  00230822	sub	r1,r1,r3
  876  00001950  74220000	sgei	r2,r1,#0
  877  00001954  10400020	beqz	r2,L34_LF2
  878  00001958  54000000	nop; delay slot nop
  879  0000195c  8fc10000	lw	r1,(r30)
  880  00001960  8fc20004	lw	r2,4(r30)
  881  00001964  90210000	lbu	r1,(r1)
  882  00001968  90420000	lbu	r2,(r2)
  883  0000196c  00220829	sne	r1,r1,r2
  884  00001970  08000008	j	L35_LF2
  885  00001974  54000000	nop; delay slot nop
  886  00001978          	L34_LF2:
  887  00001978  2001ffff	addi	r1,r0,#-1
  888  0000197c          	L35_LF2:
  889  0000197c  08000004	j	L24_LF2
  890  00001980  54000000	nop; delay slot nop
  891  00001984          	L33_LF2:
  892  00001984          	L24_LF2:
  893  00001984  8fa20000	lw	r2,0(r29)
  894  00001988  8fa30004	lw	r3,4(r29)
  895  0000198c  8fdffff8	lw	r31,-8(r30)
  896  00001990  001ee820	add	r29,r0,r30
  897  00001994  8fdefffc	lw	r30,-4(r30)
  898  00001998  4be00000	jr	r31
  899  0000199c  54000000	nop
  900  000019a0          	.endproc _dstrncmp
  901  000019a0          	.align 2
  902  000019a0          	.proc _dstrlen
  903  000019a0          	.global _dstrlen
  904  000019a0          	_dstrlen:
  905                      ;  Function 'dstrlen'; 8 bytes of locals, 1 regs to save.
  906  000019a0  afbefffc	sw	-4(r29),r30; push fp
  907  000019a4  001df020	add	r30,r0,r29; fp = sp
  908  000019a8  afbffff8	sw	-8(r29),r31; push ret addr
  909  000019ac  2fbd0018	subui	r29,r29,#24; alloc local storage
  910  000019b0  afa20000	sw	0(r29),r2
  911  000019b4  20010000	addi	r1,r0,#0
  912  000019b8  afc1fff4	sw	-12(r30),r1
  913  000019bc          	L37_LF2:
  914  000019bc  8fc10000	lw	r1,(r30)
  915  000019c0  20220001	addi	r2,r1,#1
  916  000019c4  afc20000	sw	(r30),r2
  917  000019c8  90210000	lbu	r1,(r1)
  918  000019cc  64220000	snei	r2,r1,#0
  919  000019d0  1440000c	bnez	r2,L39_LF2
  920  000019d4  54000000	nop; delay slot nop
  921  000019d8  0800001c	j	L38_LF2
  922  000019dc  54000000	nop; delay slot nop
  923  000019e0          	L39_LF2:
  924  000019e0  8fc2fff4	lw	r2,-12(r30)
  925  000019e4  20410001	addi	r1,r2,#1
  926  000019e8  00011020	add	r2,r0,r1
  927  000019ec  afc2fff4	sw	-12(r30),r2
  928  000019f0  0bffffc8	j	L37_LF2
  929  000019f4  54000000	nop; delay slot nop
  930  000019f8          	L38_LF2:
  931  000019f8  8fc1fff4	lw	r1,-12(r30)
  932  000019fc  08000004	j	L36_LF2
  933  00001a00  54000000	nop; delay slot nop
  934  00001a04          	L36_LF2:
  935  00001a04  8fa20000	lw	r2,0(r29)
  936  00001a08  8fdffff8	lw	r31,-8(r30)
  937  00001a0c  001ee820	add	r29,r0,r30
  938  00001a10  8fdefffc	lw	r30,-4(r30)
  939  00001a14  4be00000	jr	r31
  940  00001a18  54000000	nop
  941  00001a1c          	.endproc _dstrlen
  942  00001a1c          	.align 2
  943  00001a1c          	.proc _dstrstr
  944  00001a1c          	.global _dstrstr
  945  00001a1c          	_dstrstr:
  946                      ;  Function 'dstrstr'; 8 bytes of locals, 1 regs to save.
  947  00001a1c  afbefffc	sw	-4(r29),r30; push fp
  948  00001a20  001df020	add	r30,r0,r29; fp = sp
  949  00001a24  afbffff8	sw	-8(r29),r31; push ret addr
  950  00001a28  2fbd0018	subui	r29,r29,#24; alloc local storage
  951  00001a2c  afa20000	sw	0(r29),r2
  952  00001a30  23bdfff8	addi	r29,r29,#-8
  953  00001a34  001d0820	add	r1,r0,r29
  954  00001a38  8fc20004	lw	r2,4(r30)
  955  00001a3c  ac220000	sw	(r1),r2
  956  00001a40  0fffff5c	jal	_dstrlen
  957  00001a44  54000000	nop; delay slot nop
  958  00001a48  23bd0008	addi	r29,r29,#8
  959  00001a4c  afc1fff4	sw	-12(r30),r1
  960  00001a50          	L41_LF2:
  961  00001a50  8fc10000	lw	r1,(r30)
  962  00001a54  90220000	lbu	r2,(r1)
  963  00001a58  64410000	snei	r1,r2,#0
  964  00001a5c  1420000c	bnez	r1,L43_LF2
  965  00001a60  54000000	nop; delay slot nop
  966  00001a64  08000060	j	L42_LF2
  967  00001a68  54000000	nop; delay slot nop
  968  00001a6c          	L43_LF2:
  969  00001a6c  23bdfff0	addi	r29,r29,#-16
  970  00001a70  001d0820	add	r1,r0,r29
  971  00001a74  8fc20000	lw	r2,(r30)
  972  00001a78  ac220000	sw	(r1),r2
  973  00001a7c  8fc20004	lw	r2,4(r30)
  974  00001a80  ac220004	sw	4(r1),r2
  975  00001a84  8fc2fff4	lw	r2,-12(r30)
  976  00001a88  ac220008	sw	8(r1),r2
  977  00001a8c  0ffffdc0	jal	_dstrncmp
  978  00001a90  54000000	nop; delay slot nop
  979  00001a94  23bd0010	addi	r29,r29,#16
  980  00001a98  64220000	snei	r2,r1,#0
  981  00001a9c  14400010	bnez	r2,L44_LF2
  982  00001aa0  54000000	nop; delay slot nop
  983  00001aa4  8fc10000	lw	r1,(r30)
  984  00001aa8  08000028	j	L40_LF2
  985  00001aac  54000000	nop; delay slot nop
  986  00001ab0          	L44_LF2:
  987  00001ab0  8fc20000	lw	r2,(r30)
  988  00001ab4  20410001	addi	r1,r2,#1
  989  00001ab8  00011020	add	r2,r0,r1
  990  00001abc  afc20000	sw	(r30),r2
  991  00001ac0  0bffff8c	j	L41_LF2
  992  00001ac4  54000000	nop; delay slot nop
  993  00001ac8          	L42_LF2:
  994  00001ac8  20010000	addi	r1,r0,#0
  995  00001acc  08000004	j	L40_LF2
  996  00001ad0  54000000	nop; delay slot nop
  997  00001ad4          	L40_LF2:
  998  00001ad4  8fa20000	lw	r2,0(r29)
  999  00001ad8  8fdffff8	lw	r31,-8(r30)
 1000  00001adc  001ee820	add	r29,r0,r30
 1001  00001ae0  8fdefffc	lw	r30,-4(r30)
 1002  00001ae4  4be00000	jr	r31
 1003  00001ae8  54000000	nop
 1004  00001aec          	.endproc _dstrstr
 1005  00001aec          	.align 2
 1006  00001aec          	.proc _dmindex
 1007  00001aec          	.global _dmindex
 1008  00001aec          	_dmindex:
 1009                      ;  Function 'dmindex'; 8 bytes of locals, 1 regs to save.
 1010  00001aec  afbefffc	sw	-4(r29),r30; push fp
 1011  00001af0  001df020	add	r30,r0,r29; fp = sp
 1012  00001af4  afbffff8	sw	-8(r29),r31; push ret addr
 1013  00001af8  2fbd0018	subui	r29,r29,#24; alloc local storage
 1014  00001afc  afa20000	sw	0(r29),r2
 1015  00001b00  54000000	nop
 1016  00001b04          	L46_LF2:
 1017  00001b04  8fc10000	lw	r1,(r30)
 1018  00001b08  90220000	lbu	r2,(r1)
 1019  00001b0c  64410000	snei	r1,r2,#0
 1020  00001b10  1420000c	bnez	r1,L48_LF2
 1021  00001b14  54000000	nop; delay slot nop
 1022  00001b18  08000070	j	L47_LF2
 1023  00001b1c  54000000	nop; delay slot nop
 1024  00001b20          	L48_LF2:
 1025  00001b20  8fc10004	lw	r1,4(r30)
 1026  00001b24  afc1fff4	sw	-12(r30),r1
 1027  00001b28          	L49_LF2:
 1028  00001b28  8fc1fff4	lw	r1,-12(r30)
 1029  00001b2c  90220000	lbu	r2,(r1)
 1030  00001b30  64410000	snei	r1,r2,#0
 1031  00001b34  1420000c	bnez	r1,L52_LF2
 1032  00001b38  54000000	nop; delay slot nop
 1033  00001b3c  08000044	j	L50_LF2
 1034  00001b40  54000000	nop; delay slot nop
 1035  00001b44          	L52_LF2:
 1036  00001b44  8fc10000	lw	r1,(r30)
 1037  00001b48  8fc2fff4	lw	r2,-12(r30)
 1038  00001b4c  90210000	lbu	r1,(r1)
 1039  00001b50  90420000	lbu	r2,(r2)
 1040  00001b54  00220828	seq	r1,r1,r2
 1041  00001b58  10200010	beqz	r1,L51_LF2
 1042  00001b5c  54000000	nop; delay slot nop
 1043  00001b60  8fc10000	lw	r1,(r30)
 1044  00001b64  08000030	j	L45_LF2
 1045  00001b68  54000000	nop; delay slot nop
 1046  00001b6c          	L53_LF2:
 1047  00001b6c          	L51_LF2:
 1048  00001b6c  8fc2fff4	lw	r2,-12(r30)
 1049  00001b70  20410001	addi	r1,r2,#1
 1050  00001b74  00011020	add	r2,r0,r1
 1051  00001b78  afc2fff4	sw	-12(r30),r2
 1052  00001b7c  0bffffa8	j	L49_LF2
 1053  00001b80  54000000	nop; delay slot nop
 1054  00001b84          	L50_LF2:
 1055  00001b84  0bffff7c	j	L46_LF2
 1056  00001b88  54000000	nop; delay slot nop
 1057  00001b8c          	L47_LF2:
 1058  00001b8c  20010000	addi	r1,r0,#0
 1059  00001b90  08000004	j	L45_LF2
 1060  00001b94  54000000	nop; delay slot nop
 1061  00001b98          	L45_LF2:
 1062  00001b98  8fa20000	lw	r2,0(r29)
 1063  00001b9c  8fdffff8	lw	r31,-8(r30)
 1064  00001ba0  001ee820	add	r29,r0,r30
 1065  00001ba4  8fdefffc	lw	r30,-4(r30)
 1066  00001ba8  4be00000	jr	r31
 1067  00001bac  54000000	nop
 1068  00001bb0          	.endproc _dmindex
 1069  00001bb0          	.align 2
 1070  00001bb0          	.proc _dindex
 1071  00001bb0          	.global _dindex
 1072  00001bb0          	_dindex:
 1073                      ;  Function 'dindex'; 0 bytes of locals, 1 regs to save.
 1074  00001bb0  afbefffc	sw	-4(r29),r30; push fp
 1075  00001bb4  001df020	add	r30,r0,r29; fp = sp
 1076  00001bb8  afbffff8	sw	-8(r29),r31; push ret addr
 1077  00001bbc  2fbd0010	subui	r29,r29,#16; alloc local storage
 1078  00001bc0  afa20000	sw	0(r29),r2
 1079  00001bc4  54000000	nop
 1080  00001bc8          	L55_LF2:
 1081  00001bc8  8fc10000	lw	r1,(r30)
 1082  00001bcc  90220000	lbu	r2,(r1)
 1083  00001bd0  64410000	snei	r1,r2,#0
 1084  00001bd4  1420000c	bnez	r1,L57_LF2
 1085  00001bd8  54000000	nop; delay slot nop
 1086  00001bdc  08000040	j	L56_LF2
 1087  00001be0  54000000	nop; delay slot nop
 1088  00001be4          	L57_LF2:
 1089  00001be4  8fc10000	lw	r1,(r30)
 1090  00001be8  90220000	lbu	r2,(r1)
 1091  00001bec  8fc10004	lw	r1,4(r30)
 1092  00001bf0  00411028	seq	r2,r2,r1
 1093  00001bf4  10400010	beqz	r2,L58_LF2
 1094  00001bf8  54000000	nop; delay slot nop
 1095  00001bfc  8fc10000	lw	r1,(r30)
 1096  00001c00  08000028	j	L54_LF2
 1097  00001c04  54000000	nop; delay slot nop
 1098  00001c08          	L58_LF2:
 1099  00001c08  8fc20000	lw	r2,(r30)
 1100  00001c0c  20410001	addi	r1,r2,#1
 1101  00001c10  00011020	add	r2,r0,r1
 1102  00001c14  afc20000	sw	(r30),r2
 1103  00001c18  0bffffac	j	L55_LF2
 1104  00001c1c  54000000	nop; delay slot nop
 1105  00001c20          	L56_LF2:
 1106  00001c20  20010000	addi	r1,r0,#0
 1107  00001c24  08000004	j	L54_LF2
 1108  00001c28  54000000	nop; delay slot nop
 1109  00001c2c          	L54_LF2:
 1110  00001c2c  8fa20000	lw	r2,0(r29)
 1111  00001c30  8fdffff8	lw	r31,-8(r30)
 1112  00001c34  001ee820	add	r29,r0,r30
 1113  00001c38  8fdefffc	lw	r30,-4(r30)
 1114  00001c3c  4be00000	jr	r31
 1115  00001c40  54000000	nop
 1116  00001c44          	.endproc _dindex
 1117  00001c44          	.align 2
 1118  00001c44          	.proc _ditoa
 1119  00001c44          	.global _ditoa
 1120  00001c44          	_ditoa:
 1121                      ;  Function 'ditoa'; 8 bytes of locals, 2 regs to save.
 1122  00001c44  afbefffc	sw	-4(r29),r30; push fp
 1123  00001c48  001df020	add	r30,r0,r29; fp = sp
 1124  00001c4c  afbffff8	sw	-8(r29),r31; push ret addr
 1125  00001c50  2fbd0018	subui	r29,r29,#24; alloc local storage
 1126  00001c54  afa20000	sw	0(r29),r2
 1127  00001c58  afa30004	sw	4(r29),r3
 1128  00001c5c  8fc10000	lw	r1,(r30)
 1129  00001c60  68220000	slti	r2,r1,#0
 1130  00001c64  1040002c	beqz	r2,L60_LF2
 1131  00001c68  54000000	nop; delay slot nop
 1132  00001c6c  8fc10004	lw	r1,4(r30)
 1133  00001c70  20220001	addi	r2,r1,#1
 1134  00001c74  afc20004	sw	4(r30),r2
 1135  00001c78  2002002d	addi	r2,r0,(#0x2d)&0xff
 1136  00001c7c  a0220000	sb	(r1),r2
 1137  00001c80  8fc10000	lw	r1,(r30)
 1138  00001c84  00011022	sub	r2,r0,r1
 1139  00001c88  afc20000	sw	(r30),r2
 1140  00001c8c  08000118	j	L61_LF2
 1141  00001c90  54000000	nop; delay slot nop
 1142  00001c94          	L60_LF2:
 1143  00001c94  8fc10000	lw	r1,(r30)
 1144  00001c98  64220000	snei	r2,r1,#0
 1145  00001c9c  14400020	bnez	r2,L62_LF2
 1146  00001ca0  54000000	nop; delay slot nop
 1147  00001ca4  8fc10004	lw	r1,4(r30)
 1148  00001ca8  20220001	addi	r2,r1,#1
 1149  00001cac  afc20004	sw	4(r30),r2
 1150  00001cb0  20020030	addi	r2,r0,(#0x30)&0xff
 1151  00001cb4  a0220000	sb	(r1),r2
 1152  00001cb8  080000ec	j	L61_LF2
 1153  00001cbc  54000000	nop; delay slot nop
 1154  00001cc0          	L62_LF2:
 1155  00001cc0  20010001	addi	r1,r0,#1
 1156  00001cc4  afc1fff4	sw	-12(r30),r1
 1157  00001cc8          	L64_LF2:
 1158  00001cc8  8fc1fff4	lw	r1,-12(r30)
 1159  00001ccc  8fc20000	lw	r2,(r30)
 1160  00001cd0  0022082c	sle	r1,r1,r2
 1161  00001cd4  1420000c	bnez	r1,L66_LF2
 1162  00001cd8  54000000	nop; delay slot nop
 1163  00001cdc  08000024	j	L65_LF2
 1164  00001ce0  54000000	nop; delay slot nop
 1165  00001ce4          	L67_LF2:
 1166  00001ce4          	L66_LF2:
 1167  00001ce4  8fc1fff4	lw	r1,-12(r30)
 1168  00001ce8  00011820	add	r3,r0,r1
 1169  00001cec  50620002	slli	r2,r3,#0x2
 1170  00001cf0  00411020	add	r2,r2,r1
 1171  00001cf4  50410001	slli	r1,r2,#0x1
 1172  00001cf8  afc1fff4	sw	-12(r30),r1
 1173  00001cfc  0bffffc8	j	L64_LF2
 1174  00001d00  54000000	nop; delay slot nop
 1175  00001d04          	L65_LF2:
 1176  00001d04  54000000	nop
 1177  00001d08          	L68_LF2:
 1178  00001d08  8fc1fff4	lw	r1,-12(r30)
 1179  00001d0c  2002000a	addi	r2,r0,#10
 1180  00001d10  00200035	movi2fp	f0,r1
 1181  00001d14  00400835	movi2fp	f1,r2
 1182  00001d18  0401000f	div	f0,f0,f1
 1183  00001d1c  00000834	movfp2i	r1,f0
 1184  00001d20  afc1fff4	sw	-12(r30),r1
 1185  00001d24  8fc10004	lw	r1,4(r30)
 1186  00001d28  20220001	addi	r2,r1,#1
 1187  00001d2c  afc20004	sw	4(r30),r2
 1188  00001d30  8fc20000	lw	r2,(r30)
 1189  00001d34  8fc3fff4	lw	r3,-12(r30)
 1190  00001d38  00400035	movi2fp	f0,r2
 1191  00001d3c  00600835	movi2fp	f1,r3
 1192  00001d40  0401000f	div	f0,f0,f1
 1193  00001d44  00001034	movfp2i	r2,f0
 1194  00001d48  00021820	add	r3,r0,r2
 1195  00001d4c  20620030	addi	r2,r3,#48
 1196  00001d50  a0220000	sb	(r1),r2
 1197  00001d54  8fc10000	lw	r1,(r30)
 1198  00001d58  8fc3fff4	lw	r3,-12(r30)
 1199  00001d5c  00200035	movi2fp	f0,r1
 1200  00001d60  00600835	movi2fp	f1,r3
 1201  00001d64  0401000f	div	f0,f0,f1
 1202  00001d68  00001034	movfp2i	r2,f0
 1203  00001d6c  8fc3fff4	lw	r3,-12(r30)
 1204  00001d70  00400035	movi2fp	f0,r2
 1205  00001d74  00600835	movi2fp	f1,r3
 1206  00001d78  0401000e	mult	f0,f0,f1
 1207  00001d7c  00001034	movfp2i	r2,f0
 1208  00001d80  00220822	sub	r1,r1,r2
 1209  00001d84  afc10000	sw	(r30),r1
 1210  00001d88          	L70_LF2:
 1211  00001d88  8fc1fff4	lw	r1,-12(r30)
 1212  00001d8c  6c220001	sgti	r2,r1,#1
 1213  00001d90  1440000c	bnez	r2,L71_LF2
 1214  00001d94  54000000	nop; delay slot nop
 1215  00001d98  0800000c	j	L61_LF2
 1216  00001d9c  54000000	nop; delay slot nop
 1217  00001da0          	L71_LF2:
 1218  00001da0  0bffff64	j	L68_LF2
 1219  00001da4  54000000	nop; delay slot nop
 1220  00001da8          	L69_LF2:
 1221  00001da8          	L63_LF2:
 1222  00001da8          	L61_LF2:
 1223  00001da8  8fc10004	lw	r1,4(r30)
 1224  00001dac  20020000	addi	r2,r0,(#0x0)&0xff
 1225  00001db0  a0220000	sb	(r1),r2
 1226  00001db4          	L59_LF2:
 1227  00001db4  8fa20000	lw	r2,0(r29)
 1228  00001db8  8fa30004	lw	r3,4(r29)
 1229  00001dbc  8fdffff8	lw	r31,-8(r30)
 1230  00001dc0  001ee820	add	r29,r0,r30
 1231  00001dc4  8fdefffc	lw	r30,-4(r30)
 1232  00001dc8  4be00000	jr	r31
 1233  00001dcc  54000000	nop
 1234  00001dd0          	.endproc _ditoa
 1235  00001dd0          	.align 2
 1236  00001dd0          	.proc _dstrtol
 1237  00001dd0          	.global _dstrtol
 1238  00001dd0          	_dstrtol:
 1239                      ;  Function 'dstrtol'; 16 bytes of locals, 1 regs to save.
 1240  00001dd0  afbefffc	sw	-4(r29),r30; push fp
 1241  00001dd4  001df020	add	r30,r0,r29; fp = sp
 1242  00001dd8  afbffff8	sw	-8(r29),r31; push ret addr
 1243  00001ddc  2fbd0020	subui	r29,r29,#32; alloc local storage
 1244  00001de0  afa20000	sw	0(r29),r2
 1245  00001de4  20010000	addi	r1,r0,#0
 1246  00001de8  afc1fff4	sw	-12(r30),r1
 1247  00001dec          	L73_LF2:
 1248  00001dec  8fc10000	lw	r1,(r30)
 1249  00001df0  90220000	lbu	r2,(r1)
 1250  00001df4  60410020	seqi	r1,r2,#32
 1251  00001df8  14200034	bnez	r1,L75_LF2
 1252  00001dfc  54000000	nop; delay slot nop
 1253  00001e00  8fc10000	lw	r1,(r30)
 1254  00001e04  90220000	lbu	r2,(r1)
 1255  00001e08  60410009	seqi	r1,r2,#9
 1256  00001e0c  14200020	bnez	r1,L75_LF2
 1257  00001e10  54000000	nop; delay slot nop
 1258  00001e14  8fc10000	lw	r1,(r30)
 1259  00001e18  90220000	lbu	r2,(r1)
 1260  00001e1c  6041000a	seqi	r1,r2,#10
 1261  00001e20  1420000c	bnez	r1,L75_LF2
 1262  00001e24  54000000	nop; delay slot nop
 1263  00001e28  0800001c	j	L74_LF2
 1264  00001e2c  54000000	nop; delay slot nop
 1265  00001e30          	L75_LF2:
 1266  00001e30  8fc20000	lw	r2,(r30)
 1267  00001e34  20410001	addi	r1,r2,#1
 1268  00001e38  00011020	add	r2,r0,r1
 1269  00001e3c  afc20000	sw	(r30),r2
 1270  00001e40  0bffffa8	j	L73_LF2
 1271  00001e44  54000000	nop; delay slot nop
 1272  00001e48          	L74_LF2:
 1273  00001e48  8fc10004	lw	r1,4(r30)
 1274  00001e4c  64220000	snei	r2,r1,#0
 1275  00001e50  10400010	beqz	r2,L76_LF2
 1276  00001e54  54000000	nop; delay slot nop
 1277  00001e58  8fc10004	lw	r1,4(r30)
 1278  00001e5c  8fc20000	lw	r2,(r30)
 1279  00001e60  ac220000	sw	(r1),r2
 1280  00001e64          	L76_LF2:
 1281  00001e64  8fc10000	lw	r1,(r30)
 1282  00001e68  90220000	lbu	r2,(r1)
 1283  00001e6c  64410000	snei	r1,r2,#0
 1284  00001e70  14200010	bnez	r1,L77_LF2
 1285  00001e74  54000000	nop; delay slot nop
 1286  00001e78  8fc1fff4	lw	r1,-12(r30)
 1287  00001e7c  08000294	j	L72_LF2
 1288  00001e80  54000000	nop; delay slot nop
 1289  00001e84          	L77_LF2:
 1290  00001e84  8fc10000	lw	r1,(r30)
 1291  00001e88  90220000	lbu	r2,(r1)
 1292  00001e8c  6041002d	seqi	r1,r2,#45
 1293  00001e90  10200024	beqz	r1,L78_LF2
 1294  00001e94  54000000	nop; delay slot nop
 1295  00001e98  2001ffff	addi	r1,r0,#-1
 1296  00001e9c  afc1ffec	sw	-20(r30),r1
 1297  00001ea0  8fc20000	lw	r2,(r30)
 1298  00001ea4  20410001	addi	r1,r2,#1
 1299  00001ea8  00011020	add	r2,r0,r1
 1300  00001eac  afc20000	sw	(r30),r2
 1301  00001eb0  0800000c	j	L79_LF2
 1302  00001eb4  54000000	nop; delay slot nop
 1303  00001eb8          	L78_LF2:
 1304  00001eb8  20010001	addi	r1,r0,#1
 1305  00001ebc  afc1ffec	sw	-20(r30),r1
 1306  00001ec0          	L79_LF2:
 1307  00001ec0  8fc10008	lw	r1,8(r30)
 1308  00001ec4  64220000	snei	r2,r1,#0
 1309  00001ec8  14400090	bnez	r2,L80_LF2
 1310  00001ecc  54000000	nop; delay slot nop
 1311  00001ed0  8fc10000	lw	r1,(r30)
 1312  00001ed4  90220000	lbu	r2,(r1)
 1313  00001ed8  60410030	seqi	r1,r2,#48
 1314  00001edc  10200074	beqz	r1,L81_LF2
 1315  00001ee0  54000000	nop; delay slot nop
 1316  00001ee4  8fc20000	lw	r2,(r30)
 1317  00001ee8  20410001	addi	r1,r2,#1
 1318  00001eec  00011020	add	r2,r0,r1
 1319  00001ef0  afc20000	sw	(r30),r2
 1320  00001ef4  8fc10000	lw	r1,(r30)
 1321  00001ef8  90220000	lbu	r2,(r1)
 1322  00001efc  60410078	seqi	r1,r2,#120
 1323  00001f00  14200020	bnez	r1,L83_LF2
 1324  00001f04  54000000	nop; delay slot nop
 1325  00001f08  8fc10000	lw	r1,(r30)
 1326  00001f0c  90220000	lbu	r2,(r1)
 1327  00001f10  60410058	seqi	r1,r2,#88
 1328  00001f14  1420000c	bnez	r1,L83_LF2
 1329  00001f18  54000000	nop; delay slot nop
 1330  00001f1c  08000024	j	L82_LF2
 1331  00001f20  54000000	nop; delay slot nop
 1332  00001f24          	L83_LF2:
 1333  00001f24  20010010	addi	r1,r0,#16
 1334  00001f28  afc10008	sw	8(r30),r1
 1335  00001f2c  8fc20000	lw	r2,(r30)
 1336  00001f30  20410001	addi	r1,r2,#1
 1337  00001f34  00011020	add	r2,r0,r1
 1338  00001f38  afc20000	sw	(r30),r2
 1339  00001f3c  0800000c	j	L84_LF2
 1340  00001f40  54000000	nop; delay slot nop
 1341  00001f44          	L82_LF2:
 1342  00001f44  20010008	addi	r1,r0,#8
 1343  00001f48  afc10008	sw	8(r30),r1
 1344  00001f4c          	L84_LF2:
 1345  00001f4c  0800000c	j	L80_LF2
 1346  00001f50  54000000	nop; delay slot nop
 1347  00001f54          	L81_LF2:
 1348  00001f54  2001000a	addi	r1,r0,#10
 1349  00001f58  afc10008	sw	8(r30),r1
 1350  00001f5c          	L85_LF2:
 1351  00001f5c          	L80_LF2:
 1352  00001f5c  8fc10008	lw	r1,8(r30)
 1353  00001f60  70220000	slei	r2,r1,#0
 1354  00001f64  1440001c	bnez	r2,L87_LF2
 1355  00001f68  54000000	nop; delay slot nop
 1356  00001f6c  8fc10008	lw	r1,8(r30)
 1357  00001f70  6c220010	sgti	r2,r1,#16
 1358  00001f74  1440000c	bnez	r2,L87_LF2
 1359  00001f78  54000000	nop; delay slot nop
 1360  00001f7c  08000010	j	L86_LF2
 1361  00001f80  54000000	nop; delay slot nop
 1362  00001f84          	L87_LF2:
 1363  00001f84  8fc1fff4	lw	r1,-12(r30)
 1364  00001f88  08000188	j	L72_LF2
 1365  00001f8c  54000000	nop; delay slot nop
 1366  00001f90          	L86_LF2:
 1367  00001f90  54000000	nop
 1368  00001f94          	L88_LF2:
 1369  00001f94  8fc10000	lw	r1,(r30)
 1370  00001f98  90220000	lbu	r2,(r1)
 1371  00001f9c  6c41002f	sgtui	r1,r2,#47
 1372  00001fa0  10200030	beqz	r1,L91_LF2
 1373  00001fa4  54000000	nop; delay slot nop
 1374  00001fa8  8fc10000	lw	r1,(r30)
 1375  00001fac  90220000	lbu	r2,(r1)
 1376  00001fb0  70410039	sleui	r1,r2,#57
 1377  00001fb4  1020001c	beqz	r1,L91_LF2
 1378  00001fb8  54000000	nop; delay slot nop
 1379  00001fbc  8fc10000	lw	r1,(r30)
 1380  00001fc0  90220000	lbu	r2,(r1)
 1381  00001fc4  2041ffd0	addi	r1,r2,#-48
 1382  00001fc8  afc1fff0	sw	-16(r30),r1
 1383  00001fcc  0800008c	j	L92_LF2
 1384  00001fd0  54000000	nop; delay slot nop
 1385  00001fd4          	L91_LF2:
 1386  00001fd4  8fc10000	lw	r1,(r30)
 1387  00001fd8  90220000	lbu	r2,(r1)
 1388  00001fdc  6c410060	sgtui	r1,r2,#96
 1389  00001fe0  10200030	beqz	r1,L93_LF2
 1390  00001fe4  54000000	nop; delay slot nop
 1391  00001fe8  8fc10000	lw	r1,(r30)
 1392  00001fec  90220000	lbu	r2,(r1)
 1393  00001ff0  7041007a	sleui	r1,r2,#122
 1394  00001ff4  1020001c	beqz	r1,L93_LF2
 1395  00001ff8  54000000	nop; delay slot nop
 1396  00001ffc  8fc10000	lw	r1,(r30)
 1397  00002000  90220000	lbu	r2,(r1)
 1398  00002004  2041ffa9	addi	r1,r2,#-87
 1399  00002008  afc1fff0	sw	-16(r30),r1
 1400  0000200c  0800004c	j	L92_LF2
 1401  00002010  54000000	nop; delay slot nop
 1402  00002014          	L93_LF2:
 1403  00002014  8fc10000	lw	r1,(r30)
 1404  00002018  90220000	lbu	r2,(r1)
 1405  0000201c  6c410040	sgtui	r1,r2,#64
 1406  00002020  10200030	beqz	r1,L95_LF2
 1407  00002024  54000000	nop; delay slot nop
 1408  00002028  8fc10000	lw	r1,(r30)
 1409  0000202c  90220000	lbu	r2,(r1)
 1410  00002030  7041005a	sleui	r1,r2,#90
 1411  00002034  1020001c	beqz	r1,L95_LF2
 1412  00002038  54000000	nop; delay slot nop
 1413  0000203c  8fc10000	lw	r1,(r30)
 1414  00002040  90220000	lbu	r2,(r1)
 1415  00002044  2041ffc9	addi	r1,r2,#-55
 1416  00002048  afc1fff0	sw	-16(r30),r1
 1417  0000204c  0800000c	j	L92_LF2
 1418  00002050  54000000	nop; delay slot nop
 1419  00002054          	L95_LF2:
 1420  00002054  200103e8	addi	r1,r0,#1000
 1421  00002058  afc1fff0	sw	-16(r30),r1
 1422  0000205c          	L96_LF2:
 1423  0000205c          	L94_LF2:
 1424  0000205c          	L92_LF2:
 1425  0000205c  8fc1fff0	lw	r1,-16(r30)
 1426  00002060  8fc20008	lw	r2,8(r30)
 1427  00002064  0022082a	slt	r1,r1,r2
 1428  00002068  10200040	beqz	r1,L90_LF2
 1429  0000206c  54000000	nop; delay slot nop
 1430  00002070  8fc1fff4	lw	r1,-12(r30)
 1431  00002074  8fc20008	lw	r2,8(r30)
 1432  00002078  00200035	movi2fp	f0,r1
 1433  0000207c  00400835	movi2fp	f1,r2
 1434  00002080  0401000e	mult	f0,f0,f1
 1435  00002084  00000834	movfp2i	r1,f0
 1436  00002088  afc1fff4	sw	-12(r30),r1
 1437  0000208c  8fc1fff4	lw	r1,-12(r30)
 1438  00002090  8fc2fff0	lw	r2,-16(r30)
 1439  00002094  00220820	add	r1,r1,r2
 1440  00002098  afc1fff4	sw	-12(r30),r1
 1441  0000209c  8fc20000	lw	r2,(r30)
 1442  000020a0  20410001	addi	r1,r2,#1
 1443  000020a4  00011020	add	r2,r0,r1
 1444  000020a8  afc20000	sw	(r30),r2
 1445  000020ac          	L97_LF2:
 1446  000020ac          	L90_LF2:
 1447  000020ac  8fc1fff0	lw	r1,-16(r30)
 1448  000020b0  8fc20008	lw	r2,8(r30)
 1449  000020b4  0022082a	slt	r1,r1,r2
 1450  000020b8  1420000c	bnez	r1,L98_LF2
 1451  000020bc  54000000	nop; delay slot nop
 1452  000020c0  0800000c	j	L89_LF2
 1453  000020c4  54000000	nop; delay slot nop
 1454  000020c8          	L98_LF2:
 1455  000020c8  0bfffec8	j	L88_LF2
 1456  000020cc  54000000	nop; delay slot nop
 1457  000020d0          	L89_LF2:
 1458  000020d0  8fc10004	lw	r1,4(r30)
 1459  000020d4  64220000	snei	r2,r1,#0
 1460  000020d8  10400010	beqz	r2,L99_LF2
 1461  000020dc  54000000	nop; delay slot nop
 1462  000020e0  8fc10004	lw	r1,4(r30)
 1463  000020e4  8fc20000	lw	r2,(r30)
 1464  000020e8  ac220000	sw	(r1),r2
 1465  000020ec          	L99_LF2:
 1466  000020ec  8fc1fff4	lw	r1,-12(r30)
 1467  000020f0  8fc2ffec	lw	r2,-20(r30)
 1468  000020f4  00200035	movi2fp	f0,r1
 1469  000020f8  00400835	movi2fp	f1,r2
 1470  000020fc  0401000e	mult	f0,f0,f1
 1471  00002100  00000834	movfp2i	r1,f0
 1472  00002104  afc1fff4	sw	-12(r30),r1
 1473  00002108  8fc1fff4	lw	r1,-12(r30)
 1474  0000210c  08000004	j	L72_LF2
 1475  00002110  54000000	nop; delay slot nop
 1476  00002114          	L72_LF2:
 1477  00002114  8fa20000	lw	r2,0(r29)
 1478  00002118  8fdffff8	lw	r31,-8(r30)
 1479  0000211c  001ee820	add	r29,r0,r30
 1480  00002120  8fdefffc	lw	r30,-4(r30)
 1481  00002124  4be00000	jr	r31
 1482  00002128  54000000	nop
 1483  0000212c          	.endproc _dstrtol
 1484  0000212c          	.align 2
 1485  0000212c          	.proc _bcopy
 1486  0000212c          	.global _bcopy
 1487  0000212c          	_bcopy:
 1488                      ;  Function 'bcopy'; 0 bytes of locals, 2 regs to save.
 1489  0000212c  afbefffc	sw	-4(r29),r30; push fp
 1490  00002130  001df020	add	r30,r0,r29; fp = sp
 1491  00002134  afbffff8	sw	-8(r29),r31; push ret addr
 1492  00002138  2fbd0010	subui	r29,r29,#16; alloc local storage
 1493  0000213c  afa20000	sw	0(r29),r2
 1494  00002140  afa30004	sw	4(r29),r3
 1495  00002144  54000000	nop
 1496  00002148          	L101_LF2:
 1497  00002148  8fc10008	lw	r1,8(r30)
 1498  0000214c  2022ffff	addi	r2,r1,#-1
 1499  00002150  afc20008	sw	8(r30),r2
 1500  00002154  6c210000	sgti	r1,r1,#0
 1501  00002158  1420000c	bnez	r1,L103_LF2
 1502  0000215c  54000000	nop; delay slot nop
 1503  00002160  0800002c	j	L102_LF2
 1504  00002164  54000000	nop; delay slot nop
 1505  00002168          	L103_LF2:
 1506  00002168  8fc10004	lw	r1,4(r30)
 1507  0000216c  20220001	addi	r2,r1,#1
 1508  00002170  afc20004	sw	4(r30),r2
 1509  00002174  8fc20000	lw	r2,(r30)
 1510  00002178  20430001	addi	r3,r2,#1
 1511  0000217c  afc30000	sw	(r30),r3
 1512  00002180  80420000	lb	r2,(r2)
 1513  00002184  a0220000	sb	(r1),r2
 1514  00002188  0bffffbc	j	L101_LF2
 1515  0000218c  54000000	nop; delay slot nop
 1516  00002190          	L102_LF2:
 1517  00002190          	L100_LF2:
 1518  00002190  8fa20000	lw	r2,0(r29)
 1519  00002194  8fa30004	lw	r3,4(r29)
 1520  00002198  8fdffff8	lw	r31,-8(r30)
 1521  0000219c  001ee820	add	r29,r0,r30
 1522  000021a0  8fdefffc	lw	r30,-4(r30)
 1523  000021a4  4be00000	jr	r31
 1524  000021a8  54000000	nop
 1525  000021ac          	.endproc _bcopy
 1526  000021ac          	.align 2
 1527  000021ac          	.proc _bzero
 1528  000021ac          	.global _bzero
 1529  000021ac          	_bzero:
 1530                      ;  Function 'bzero'; 0 bytes of locals, 1 regs to save.
 1531  000021ac  afbefffc	sw	-4(r29),r30; push fp
 1532  000021b0  001df020	add	r30,r0,r29; fp = sp
 1533  000021b4  afbffff8	sw	-8(r29),r31; push ret addr
 1534  000021b8  2fbd0010	subui	r29,r29,#16; alloc local storage
 1535  000021bc  afa20000	sw	0(r29),r2
 1536  000021c0  54000000	nop
 1537  000021c4          	L105_LF2:
 1538  000021c4  8fc10004	lw	r1,4(r30)
 1539  000021c8  2022ffff	addi	r2,r1,#-1
 1540  000021cc  afc20004	sw	4(r30),r2
 1541  000021d0  6c210000	sgti	r1,r1,#0
 1542  000021d4  1420000c	bnez	r1,L107_LF2
 1543  000021d8  54000000	nop; delay slot nop
 1544  000021dc  08000020	j	L106_LF2
 1545  000021e0  54000000	nop; delay slot nop
 1546  000021e4          	L107_LF2:
 1547  000021e4  8fc10000	lw	r1,(r30)
 1548  000021e8  20220001	addi	r2,r1,#1
 1549  000021ec  afc20000	sw	(r30),r2
 1550  000021f0  20020000	addi	r2,r0,(#0x0)&0xff
 1551  000021f4  a0220000	sb	(r1),r2
 1552  000021f8  0bffffc8	j	L105_LF2
 1553  000021fc  54000000	nop; delay slot nop
 1554  00002200          	L106_LF2:
 1555  00002200          	L104_LF2:
 1556  00002200  8fa20000	lw	r2,0(r29)
 1557  00002204  8fdffff8	lw	r31,-8(r30)
 1558  00002208  001ee820	add	r29,r0,r30
 1559  0000220c  8fdefffc	lw	r30,-4(r30)
 1560  00002210  4be00000	jr	r31
 1561  00002214  54000000	nop
 1562  00002218          	.endproc _bzero
 1563  00002218          	.align 2
 1564  00002218          	.proc _min
 1565  00002218          	.global _min
 1566  00002218          	_min:
 1567                      ;  Function 'min'; 0 bytes of locals, 2 regs to save.
 1568  00002218  afbefffc	sw	-4(r29),r30; push fp
 1569  0000221c  001df020	add	r30,r0,r29; fp = sp
 1570  00002220  afbffff8	sw	-8(r29),r31; push ret addr
 1571  00002224  2fbd0010	subui	r29,r29,#16; alloc local storage
 1572  00002228  afa20000	sw	0(r29),r2
 1573  0000222c  afa30004	sw	4(r29),r3
 1574  00002230  8fc10000	lw	r1,(r30)
 1575  00002234  8fc20004	lw	r2,4(r30)
 1576  00002238  0022182c	sle	r3,r1,r2
 1577  0000223c  14600008	bnez	r3,L109_LF2
 1578  00002240  54000000	nop; delay slot nop
 1579  00002244  8fc10004	lw	r1,4(r30)
 1580  00002248          	L109_LF2:
 1581  00002248  08000004	j	L108_LF2
 1582  0000224c  54000000	nop; delay slot nop
 1583  00002250          	L108_LF2:
 1584  00002250  8fa20000	lw	r2,0(r29)
 1585  00002254  8fa30004	lw	r3,4(r29)
 1586  00002258  8fdffff8	lw	r31,-8(r30)
 1587  0000225c  001ee820	add	r29,r0,r30
 1588  00002260  8fdefffc	lw	r30,-4(r30)
 1589  00002264  4be00000	jr	r31
 1590  00002268  54000000	nop
 1591  0000226c          	.endproc _min
 1592                      ;;; Ethan L. Miller, 1999.  Released to the public domain
 1593                      ;;;
 1594                      ;;; Most of the traps are called in files from libtraps.
 1597  0000226c          	.align 2
 1598  0000226c          	.proc _exit
 1599  0000226c          	.global _exit
 1600  0000226c          	_exit:
 1601  0000226c  44000300	trap	#0x300
 1602  00002270  4be00000	jr	r31
 1603  00002274  54000000	nop
 1604  00002278          	.endproc _exit
 1606                      ; for the benefit of gcc.
 1607  00002278          	.proc ___main
 1608  00002278          	.global ___main
 1609  00002278          	___main:
 1610  00002278  4be00000	jr	r31
 1611  0000227c  54000000	nop
 1612  00002280          	.endproc ___main
 1613  00002280          	.text
 1614  00002280          	.global _etext
 1615  00002280          	_etext:
 1616  00002280          	.align 3
 1617  00002280          	.data
 1618  0000318e          	.global _edata
 1619  0000318e          	_edata:
