 line   address	contents
    1                      ; Linked by DLX-LD.
    2                      ; MemSize 24576
    3                      ; Data size: 245
    4                      ; Text size: 4480
    5                      ; Stack size: 8192
    6  00000000          	.text 0x1000
    7  00001000          	.data 0x3000
    8                      ; Compiled by GCC
    9  00003000          	.text
   10  00001000          	.align 2
   11  00001000          	.proc _isspace
   12  00001000          	.global _isspace
   13  00001000          	_isspace:
   14                      ;  Function 'isspace'; 0 bytes of locals, 1 regs to save.
   15  00001000  afbefffc	sw	-4(r29),r30; push fp
   16  00001004  001df020	add	r30,r0,r29; fp = sp
   17  00001008  afbffff8	sw	-8(r29),r31; push ret addr
   18  0000100c  2fbd0010	subui	r29,r29,#16; alloc local storage
   19  00001010  afa20000	sw	0(r29),r2
   20  00001014  83c20003	lb	r2,3(r30)
   21  00001018  201f0000	addi	r31,r0,#0
   22  0000101c  304100ff	andi	r1,r2,#0x00ff
   23  00001020  60210020	seqi	r1,r1,#32
   24  00001024  14200018	bnez	r1,L6_LF0
   25  00001028  54000000	nop; not filled.
   26  0000102c  2041fff7	addi	r1,r2,#-9
   27  00001030  302100ff	andi	r1,r1,#0x00ff
   28  00001034  70210001	sleui	r1,r1,#1
   29  00001038  10200008	beqz	r1,L5_LF0
   30  0000103c  54000000	nop; not filled.
   31  00001040          	L6_LF0:
   32  00001040  201f0001	addi	r31,r0,#1
   33  00001044          	L5_LF0:
   34  00001044  001f0820	add	r1,r0,r31
   35  00001048  8fa20000	lw	r2,0(r29)
   36  0000104c  8fdffff8	lw	r31,-8(r30)
   37  00001050  001ee820	add	r29,r0,r30
   38  00001054  8fdefffc	lw	r30,-4(r30)
   39  00001058  4be00000	jr	r31
   40  0000105c  54000000	nop
   41  00001060          	.endproc _isspace
   42  00001060          	.align 2
   43  00001060          	.proc _isxdigit
   44  00001060          	.global _isxdigit
   45  00001060          	_isxdigit:
   46                      ;  Function 'isxdigit'; 0 bytes of locals, 1 regs to save.
   47  00001060  afbefffc	sw	-4(r29),r30; push fp
   48  00001064  001df020	add	r30,r0,r29; fp = sp
   49  00001068  afbffff8	sw	-8(r29),r31; push ret addr
   50  0000106c  2fbd0010	subui	r29,r29,#16; alloc local storage
   51  00001070  afa20000	sw	0(r29),r2
   52  00001074  83df0003	lb	r31,3(r30)
   53  00001078  20020000	addi	r2,r0,#0
   54  0000107c  23e1ffd0	addi	r1,r31,#-48
   55  00001080  302100ff	andi	r1,r1,#0x00ff
   56  00001084  70210009	sleui	r1,r1,#9
   57  00001088  14200028	bnez	r1,L12_LF0
   58  0000108c  54000000	nop; not filled.
   59  00001090  23e1ff9f	addi	r1,r31,#-97
   60  00001094  302100ff	andi	r1,r1,#0x00ff
   61  00001098  70210005	sleui	r1,r1,#5
   62  0000109c  14200014	bnez	r1,L12_LF0
   63  000010a0  54000000	nop; not filled.
   64  000010a4  33e100ff	andi	r1,r31,#0x00ff
   65  000010a8  64210041	snei	r1,r1,#65
   66  000010ac  14200008	bnez	r1,L11_LF0
   67  000010b0  54000000	nop; not filled.
   68  000010b4          	L12_LF0:
   69  000010b4  20020001	addi	r2,r0,#1
   70  000010b8          	L11_LF0:
   71  000010b8  00020820	add	r1,r0,r2
   72  000010bc  8fa20000	lw	r2,0(r29)
   73  000010c0  8fdffff8	lw	r31,-8(r30)
   74  000010c4  001ee820	add	r29,r0,r30
   75  000010c8  8fdefffc	lw	r30,-4(r30)
   76  000010cc  4be00000	jr	r31
   77  000010d0  54000000	nop
   78  000010d4          	.endproc _isxdigit
   79  000010d4          	.data
   80  00003000          	.align 2
   81  00003000          	LC0_LF0:
   82  00003000  55736167	.ascii "Usage: \000"
   82  00003004  653a2000	
   83  00003008          	.align 2
   84  00003008          	LC1_LF0:
   85  00003008  203c6861	.ascii " <handle_to_shared_memory_page> <handle_to_page_mapped_semaphore>\n\000"
   85  0000300c  6e646c65	
   85  00003010  5f746f5f	
   85  00003014  73686172	
   85  00003018  65645f6d	
   85  0000301c  656d6f72	
   85  00003020  795f7061	
   85  00003024  67653e20	
   85  00003028  3c68616e	
   85  0000302c  646c655f	
   85  00003030  746f5f70	
   85  00003034  6167655f	
   85  00003038  6d617070	
   85  0000303c  65645f73	
   85  00003040  656d6170	
   85  00003044  686f7265	
   85  00003048  3e0a00  	
   86  0000304b          	.align 2
   87  0000304c          	LC2_LF0:
   88  0000304c  436f756c	.ascii "Could not map the virtual address to the memory in \000"
   88  00003050  64206e6f	
   88  00003054  74206d61	
   88  00003058  70207468	
   88  0000305c  65207669	
   88  00003060  72747561	
   88  00003064  6c206164	
   88  00003068  64726573	
   88  0000306c  7320746f	
   88  00003070  20746865	
   88  00003074  206d656d	
   88  00003078  6f727920	
   88  0000307c  696e2000	
   89  00003080          	.align 2
   90  00003080          	LC3_LF0:
   91  00003080  2c206578	.ascii ", exiting...\n\000"
   91  00003084  6974696e	
   91  00003088  672e2e2e	
   91  0000308c  0a00    	
   92  0000308e          	.align 2
   93  00003090          	LC4_LF0:
   94  00003090  436f6e73	.ascii "Consumer %d removed: %c\n\000"
   94  00003094  756d6572	
   94  00003098  20256420	
   94  0000309c  72656d6f	
   94  000030a0  7665643a	
   94  000030a4  2025630a	
   94  000030a8  00      	
   95  000030a9          	.align 2
   96  000030ac          	LC5_LF0:
   97  000030ac  636f6e73	.ascii "consumer: PID %d is complete.\n\000"
   97  000030b0  756d6572	
   97  000030b4  3a205049	
   97  000030b8  44202564	
   97  000030bc  20697320	
   97  000030c0  636f6d70	
   97  000030c4  6c657465	
   97  000030c8  2e0a00  	
   98  000030cb          	.align 2
   99  000030cc          	LC6_LF0:
  100  000030cc  42616420	.ascii "Bad semaphore s_procs_completed (%d) in \000"
  100  000030d0  73656d61	
  100  000030d4  70686f72	
  100  000030d8  6520735f	
  100  000030dc  70726f63	
  100  000030e0  735f636f	
  100  000030e4  6d706c65	
  100  000030e8  74656420	
  100  000030ec  28256429	
  100  000030f0  20696e20	
  100  000030f4  00      	
  101  000030f5          	.text
  102  000010d4          	.align 2
  103  000010d4          	.proc _main
  104  000010d4          	.global _main
  105  000010d4          	_main:
  106                      ;  Function 'main'; 0 bytes of locals, 0 regs to save.
  107  000010d4  afbefffc	sw	-4(r29),r30; push fp
  108  000010d8  001df020	add	r30,r0,r29; fp = sp
  109  000010dc  afbffff8	sw	-8(r29),r31; push ret addr
  110  000010e0  2fbd0008	subui	r29,r29,#8; alloc local storage
  111  000010e4  8fc20000	lw	r2,(r30)
  112  000010e8  8fc60004	lw	r6,4(r30)
  113  000010ec  0c001088	jal	___main
  114  000010f0  54000000	nop; not filled.
  115  000010f4  20050000	addi	r5,r0,#0
  116  000010f8  64410003	snei	r1,r2,#3
  117  000010fc  1020004c	beqz	r1,L14_LF0
  118  00001100  54000000	nop; not filled.
  119  00001104  23bdfff8	addi	r29,r29,#-8
  120  00001108  3c080000	lhi	r8,((LC0_LF0)>>16)&0xffff
  121  0000110c  25083000	addui	r8,r8,(LC0_LF0)&0xffff
  122  00001110  afa80000	sw	(r29),r8
  123  00001114  0c000258	jal	_Printf
  124  00001118  54000000	nop; not filled.
  125  0000111c  8cc80000	lw	r8,(r6)
  126  00001120  afa80000	sw	(r29),r8
  127  00001124  0c000248	jal	_Printf
  128  00001128  54000000	nop; not filled.
  129  0000112c  3c080000	lhi	r8,((LC1_LF0)>>16)&0xffff
  130  00001130  25083008	addui	r8,r8,(LC1_LF0)&0xffff
  131  00001134  afa80000	sw	(r29),r8
  132  00001138  0c000234	jal	_Printf
  133  0000113c  54000000	nop; not filled.
  134  00001140  0c0002e0	jal	_Exit
  135  00001144  54000000	nop; not filled.
  136  00001148  23bd0008	addi	r29,r29,#8
  137  0000114c          	L14_LF0:
  138  0000114c  23bdfff0	addi	r29,r29,#-16
  139  00001150  8cc80004	lw	r8,4(r6)
  140  00001154  afa80000	sw	(r29),r8
  141  00001158  20080000	addi	r8,r0,#0
  142  0000115c  afa80004	sw	4(r29),r8
  143  00001160  2008000a	addi	r8,r0,#10
  144  00001164  afa80008	sw	8(r29),r8
  145  00001168  0c000b64	jal	_dstrtol
  146  0000116c  54000000	nop; not filled.
  147  00001170  00011020	add	r2,r0,r1
  148  00001174  8cc80008	lw	r8,8(r6)
  149  00001178  afa80000	sw	(r29),r8
  150  0000117c  20080000	addi	r8,r0,#0
  151  00001180  afa80004	sw	4(r29),r8
  152  00001184  2008000a	addi	r8,r0,#10
  153  00001188  afa80008	sw	8(r29),r8
  154  0000118c  0c000b40	jal	_dstrtol
  155  00001190  54000000	nop; not filled.
  156  00001194  00013820	add	r7,r0,r1
  157  00001198  afa20000	sw	(r29),r2
  158  0000119c  0c000200	jal	_shmat
  159  000011a0  54000000	nop; not filled.
  160  000011a4  00012020	add	r4,r0,r1
  161  000011a8  23bd0010	addi	r29,r29,#16
  162  000011ac  64810000	snei	r1,r4,#0
  163  000011b0  1420004c	bnez	r1,L18_LF0
  164  000011b4  54000000	nop; not filled.
  165  000011b8  23bdfff8	addi	r29,r29,#-8
  166  000011bc  3c080000	lhi	r8,((LC2_LF0)>>16)&0xffff
  167  000011c0  2508304c	addui	r8,r8,(LC2_LF0)&0xffff
  168  000011c4  afa80000	sw	(r29),r8
  169  000011c8  0c0001a4	jal	_Printf
  170  000011cc  54000000	nop; not filled.
  171  000011d0  8cc80000	lw	r8,(r6)
  172  000011d4  afa80000	sw	(r29),r8
  173  000011d8  0c000194	jal	_Printf
  174  000011dc  54000000	nop; not filled.
  175  000011e0  3c080000	lhi	r8,((LC3_LF0)>>16)&0xffff
  176  000011e4  25083080	addui	r8,r8,(LC3_LF0)&0xffff
  177  000011e8  afa80000	sw	(r29),r8
  178  000011ec  0c000180	jal	_Printf
  179  000011f0  54000000	nop; not filled.
  180  000011f4  0c00022c	jal	_Exit
  181  000011f8  54000000	nop; not filled.
  182  000011fc  23bd0008	addi	r29,r29,#8
  183  00001200          	L18_LF0:
  184  00001200  8c810010	lw	r1,16(r4)
  185  00001204  8c820014	lw	r2,20(r4)
  186  00001208  00220829	sne	r1,r1,r2
  187  0000120c  10200078	beqz	r1,L16_LF0
  188  00001210  54000000	nop; not filled.
  189  00001214  0c000164	jal	_getpid
  190  00001218  54000000	nop; not filled.
  191  0000121c  23bdfff0	addi	r29,r29,#-16
  192  00001220  3c080000	lhi	r8,((LC4_LF0)>>16)&0xffff
  193  00001224  25083090	addui	r8,r8,(LC4_LF0)&0xffff
  194  00001228  afa80000	sw	(r29),r8
  195  0000122c  afa10004	sw	4(r29),r1
  196  00001230  8c810014	lw	r1,20(r4)
  197  00001234  00810820	add	r1,r4,r1
  198  00001238  90210004	lbu	r1,4(r1)
  199  0000123c  afa10008	sw	8(r29),r1
  200  00001240  0c00012c	jal	_Printf
  201  00001244  54000000	nop; not filled.
  202  00001248  8c810014	lw	r1,20(r4)
  203  0000124c  20230001	addi	r3,r1,#1
  204  00001250  ac830014	sw	20(r4),r3
  205  00001254  8c820000	lw	r2,(r4)
  206  00001258  00600035	movi2fp	f0,r3
  207  0000125c  00400835	movi2fp	f1,r2
  208  00001260  0401000f	div	f0,f0,f1
  209  00001264  00000834	movfp2i	r1,f0
  210  00001268  00200035	movi2fp	f0,r1
  211  0000126c  00400835	movi2fp	f1,r2
  212  00001270  0401000e	mult	f0,f0,f1
  213  00001274  00000834	movfp2i	r1,f0
  214  00001278  00610822	sub	r1,r3,r1
  215  0000127c  ac810014	sw	20(r4),r1
  216  00001280  20a50001	addi	r5,r5,#1
  217  00001284  23bd0010	addi	r29,r29,#16
  218  00001288          	L16_LF0:
  219  00001288  70a1000a	slei	r1,r5,#10
  220  0000128c  1420ff70	bnez	r1,L18_LF0
  221  00001290  54000000	nop; not filled.
  222  00001294  0c0000e4	jal	_getpid
  223  00001298  54000000	nop; not filled.
  224  0000129c  23bdfff8	addi	r29,r29,#-8
  225  000012a0  3c080000	lhi	r8,((LC5_LF0)>>16)&0xffff
  226  000012a4  250830ac	addui	r8,r8,(LC5_LF0)&0xffff
  227  000012a8  afa80000	sw	(r29),r8
  228  000012ac  afa10004	sw	4(r29),r1
  229  000012b0  0c0000bc	jal	_Printf
  230  000012b4  54000000	nop; not filled.
  231  000012b8  afa70000	sw	(r29),r7
  232  000012bc  0c000104	jal	_sem_signal
  233  000012c0  54000000	nop; not filled.
  234  000012c4  23bd0008	addi	r29,r29,#8
  235  000012c8  64210001	snei	r1,r1,#1
  236  000012cc  10200050	beqz	r1,L21_LF0
  237  000012d0  54000000	nop; not filled.
  238  000012d4  23bdfff8	addi	r29,r29,#-8
  239  000012d8  3c080000	lhi	r8,((LC6_LF0)>>16)&0xffff
  240  000012dc  250830cc	addui	r8,r8,(LC6_LF0)&0xffff
  241  000012e0  afa80000	sw	(r29),r8
  242  000012e4  afa70004	sw	4(r29),r7
  243  000012e8  0c000084	jal	_Printf
  244  000012ec  54000000	nop; not filled.
  245  000012f0  8cc60000	lw	r6,(r6)
  246  000012f4  afa60000	sw	(r29),r6
  247  000012f8  0c000074	jal	_Printf
  248  000012fc  54000000	nop; not filled.
  249  00001300  3c080000	lhi	r8,((LC3_LF0)>>16)&0xffff
  250  00001304  25083080	addui	r8,r8,(LC3_LF0)&0xffff
  251  00001308  afa80000	sw	(r29),r8
  252  0000130c  0c000060	jal	_Printf
  253  00001310  54000000	nop; not filled.
  254  00001314  0c00010c	jal	_Exit
  255  00001318  54000000	nop; not filled.
  256  0000131c  23bd0008	addi	r29,r29,#8
  257  00001320          	L21_LF0:
  258  00001320  0c000e48	jal	_exit
  259  00001324  54000000	nop
  260  00001328          	.endproc _main
  261                      ;;;
  262                      ;;; Stub functions for DLX traps.
  263                      ;;;
  264                      ;;; Ethan L. Miller, 1999.  Released to the public domain.
  265                      ;;;
  266                      ;;; The traps such as Open and Close
  267                      ;;; (note the capital letters) are for use by user programs.  The traps
  268                      ;;; with names such as open and close (lower case) are for use by the OS.
  269                      ;;;
  272  00001328          	.align 2
  274                      ;;; The following are the traps to be used by user-level programs
  275                      ;;;
  277  00001328          	.align 2
  278  00001328          	.proc _Open
  279  00001328          	.global _Open
  280  00001328          	_Open:
  281                      ;;; Note that trap #0x213 actually causes a trap vector in the OS of
  282                      ;;; 0x1213.  The same is true for other user traps.  Thus, a user trap
  283                      ;;; with trap #0x240 will result in a trap vector of 0x1240 in the OS.
  284  00001328  44000213	trap	#0x213
  285  0000132c  4be00000	jr	r31
  286  00001330  54000000	nop
  287  00001334          	.endproc _Open
  289  00001334          	.proc _Close
  290  00001334          	.global _Close
  291  00001334          	_Close:
  292  00001334  44000214	trap	#0x214
  293  00001338  4be00000	jr	r31
  294  0000133c  54000000	nop
  295  00001340          	.endproc _Close
  297  00001340          	.proc _Read
  298  00001340          	.global _Read
  299  00001340          	_Read:
  300  00001340  44000210	trap	#0x210
  301  00001344  4be00000	jr	r31
  302  00001348  54000000	nop
  303  0000134c          	.endproc _Read
  305  0000134c          	.proc _Write
  306  0000134c          	.global _Write
  307  0000134c          	_Write:
  308  0000134c  44000211	trap	#0x211
  309  00001350  4be00000	jr	r31
  310  00001354  54000000	nop
  311  00001358          	.endproc _Write
  313  00001358          	.proc _Lseek
  314  00001358          	.global _Lseek
  315  00001358          	_Lseek:
  316  00001358  44000212	trap	#0x212
  317  0000135c  4be00000	jr	r31
  318  00001360  54000000	nop
  319  00001364          	.endproc _Lseek
  321  00001364          	.proc _Putchar
  322  00001364          	.global _Putchar
  323  00001364          	_Putchar:
  324  00001364  44000280	trap	#0x280
  325  00001368  4be00000	jr	r31
  326  0000136c  54000000	nop
  327  00001370          	.endproc _Putchar
  329  00001370          	.proc _Printf
  330  00001370          	.global _Printf
  331  00001370          	_Printf:
  332  00001370  44000201	trap	#0x201
  333  00001374  4be00000	jr	r31
  334  00001378  54000000	nop
  335  0000137c          	.endproc _Printf
  337  0000137c          	.proc _getpid
  338  0000137c          	.global _getpid
  339  0000137c          	_getpid:
  340  0000137c  44000431	trap	#0x431
  341  00001380  4be00000	jr	r31
  342  00001384  54000000	nop
  343  00001388          	.endproc _getpid
  345  00001388          	.proc _process_create
  346  00001388          	.global _process_create
  347  00001388          	_process_create:
  348  00001388  44000432	trap	#0x432
  349  0000138c  4be00000	jr	r31
  350  00001390  54000000	nop
  351  00001394          	.endproc _process_create
  353  00001394          	.proc _shmget
  354  00001394          	.global _shmget
  355  00001394          	_shmget:
  356  00001394  44000440	trap	#0x440
  357  00001398  4be00000	jr	r31
  358  0000139c  54000000	nop
  359  000013a0          	.endproc _shmget
  361  000013a0          	.proc _shmat
  362  000013a0          	.global _shmat
  363  000013a0          	_shmat:
  364  000013a0  44000441	trap	#0x441
  365  000013a4  4be00000	jr	r31
  366  000013a8  54000000	nop
  367  000013ac          	.endproc _shmat
  369  000013ac          	.proc _sem_create
  370  000013ac          	.global _sem_create
  371  000013ac          	_sem_create:
  372  000013ac  44000450	trap	#0x450
  373  000013b0  4be00000	jr	r31
  374  000013b4  54000000	nop
  375  000013b8          	.endproc _sem_create
  377  000013b8          	.proc _sem_wait
  378  000013b8          	.global _sem_wait
  379  000013b8          	_sem_wait:
  380  000013b8  44000451	trap	#0x451
  381  000013bc  4be00000	jr	r31
  382  000013c0  54000000	nop
  383  000013c4          	.endproc _sem_wait
  385  000013c4          	.proc _sem_signal
  386  000013c4          	.global _sem_signal
  387  000013c4          	_sem_signal:
  388  000013c4  44000452	trap	#0x452
  389  000013c8  4be00000	jr	r31
  390  000013cc  54000000	nop
  391  000013d0          	.endproc _sem_signal
  393  000013d0          	.proc _lock_create
  394  000013d0          	.global _lock_create
  395  000013d0          	_lock_create:
  396  000013d0  44000453	trap	#0x453
  397  000013d4  4be00000	jr	r31
  398  000013d8  54000000	nop
  399  000013dc          	.endproc _lock_create
  401  000013dc          	.proc _lock_acquire
  402  000013dc          	.global _lock_acquire
  403  000013dc          	_lock_acquire:
  404  000013dc  44000454	trap	#0x454
  405  000013e0  4be00000	jr	r31
  406  000013e4  54000000	nop
  407  000013e8          	.endproc _lock_acquire
  409  000013e8          	.proc _lock_release
  410  000013e8          	.global _lock_release
  411  000013e8          	_lock_release:
  412  000013e8  44000455	trap	#0x455
  413  000013ec  4be00000	jr	r31
  414  000013f0  54000000	nop
  415  000013f4          	.endproc _lock_release
  417  000013f4          	.proc _cond_create
  418  000013f4          	.global _cond_create
  419  000013f4          	_cond_create:
  420  000013f4  44000456	trap	#0x456
  421  000013f8  4be00000	jr	r31
  422  000013fc  54000000	nop
  423  00001400          	.endproc _cond_create
  425  00001400          	.proc _cond_wait
  426  00001400          	.global _cond_wait
  427  00001400          	_cond_wait:
  428  00001400  44000457	trap	#0x457
  429  00001404  4be00000	jr	r31
  430  00001408  54000000	nop
  431  0000140c          	.endproc _cond_wait
  433  0000140c          	.proc _cond_signal
  434  0000140c          	.global _cond_signal
  435  0000140c          	_cond_signal:
  436  0000140c  44000458	trap	#0x458
  437  00001410  4be00000	jr	r31
  438  00001414  54000000	nop
  439  00001418          	.endproc _cond_signal
  441  00001418          	.proc _cond_broadcast
  442  00001418          	.global _cond_broadcast
  443  00001418          	_cond_broadcast:
  444  00001418  44000455	trap	#0x455
  445  0000141c  4be00000	jr	r31
  446  00001420  54000000	nop
  447  00001424          	.endproc _cond_broadcast
  449  00001424          	.proc _Exit
  450  00001424          	.global _Exit
  451  00001424          	_Exit:
  452  00001424  44000500	trap	#0x500
  453  00001428  4be00000	jr	r31
  454  0000142c  54000000	nop
  455  00001430          	.endproc _Exit
  456                      ; Compiled by GCC
  458  00001430          	.align 2
  459  00001430          	.proc _isspace
  460  00001430          	.global _isspace
  461  00001430          	_isspace:
  462                      ;  Function 'isspace'; 0 bytes of locals, 3 regs to save.
  463  00001430  afbefffc	sw	-4(r29),r30; push fp
  464  00001434  001df020	add	r30,r0,r29; fp = sp
  465  00001438  afbffff8	sw	-8(r29),r31; push ret addr
  466  0000143c  2fbd0018	subui	r29,r29,#24; alloc local storage
  467  00001440  afa20000	sw	0(r29),r2
  468  00001444  afa30004	sw	4(r29),r3
  469  00001448  afa40008	sw	8(r29),r4
  470  0000144c  83c20003	lb	r2,3(r30)
  471  00001450  20010000	addi	r1,r0,#0
  472  00001454  304300ff	andi	r3,r2,#0x00ff
  473  00001458  60640020	seqi	r4,r3,#32
  474  0000145c  1480002c	bnez	r4,L3_LF2
  475  00001460  54000000	nop; delay slot nop
  476  00001464  304300ff	andi	r3,r2,#0x00ff
  477  00001468  60640009	seqi	r4,r3,#9
  478  0000146c  1480001c	bnez	r4,L3_LF2
  479  00001470  54000000	nop; delay slot nop
  480  00001474  304300ff	andi	r3,r2,#0x00ff
  481  00001478  6064000a	seqi	r4,r3,#10
  482  0000147c  1480000c	bnez	r4,L3_LF2
  483  00001480  54000000	nop; delay slot nop
  484  00001484  08000008	j	L2_LF2
  485  00001488  54000000	nop; delay slot nop
  486  0000148c          	L3_LF2:
  487  0000148c  20010001	addi	r1,r0,#1
  488  00001490          	L2_LF2:
  489  00001490  08000004	j	L1_LF2
  490  00001494  54000000	nop; delay slot nop
  491  00001498          	L1_LF2:
  492  00001498  8fa20000	lw	r2,0(r29)
  493  0000149c  8fa30004	lw	r3,4(r29)
  494  000014a0  8fa40008	lw	r4,8(r29)
  495  000014a4  8fdffff8	lw	r31,-8(r30)
  496  000014a8  001ee820	add	r29,r0,r30
  497  000014ac  8fdefffc	lw	r30,-4(r30)
  498  000014b0  4be00000	jr	r31
  499  000014b4  54000000	nop
  500  000014b8          	.endproc _isspace
  501  000014b8          	.align 2
  502  000014b8          	.proc _isxdigit
  503  000014b8          	.global _isxdigit
  504  000014b8          	_isxdigit:
  505                      ;  Function 'isxdigit'; 0 bytes of locals, 3 regs to save.
  506  000014b8  afbefffc	sw	-4(r29),r30; push fp
  507  000014bc  001df020	add	r30,r0,r29; fp = sp
  508  000014c0  afbffff8	sw	-8(r29),r31; push ret addr
  509  000014c4  2fbd0018	subui	r29,r29,#24; alloc local storage
  510  000014c8  afa20000	sw	0(r29),r2
  511  000014cc  afa30004	sw	4(r29),r3
  512  000014d0  afa40008	sw	8(r29),r4
  513  000014d4  83c20003	lb	r2,3(r30)
  514  000014d8  20010000	addi	r1,r0,#0
  515  000014dc  304300ff	andi	r3,r2,#0x00ff
  516  000014e0  6c64002f	sgtui	r4,r3,#47
  517  000014e4  1080001c	beqz	r4,L7_LF2
  518  000014e8  54000000	nop; delay slot nop
  519  000014ec  304300ff	andi	r3,r2,#0x00ff
  520  000014f0  70640039	sleui	r4,r3,#57
  521  000014f4  1480005c	bnez	r4,L6_LF2
  522  000014f8  54000000	nop; delay slot nop
  523  000014fc  08000004	j	L7_LF2
  524  00001500  54000000	nop; delay slot nop
  525  00001504          	L7_LF2:
  526  00001504  304300ff	andi	r3,r2,#0x00ff
  527  00001508  6c640060	sgtui	r4,r3,#96
  528  0000150c  1080001c	beqz	r4,L8_LF2
  529  00001510  54000000	nop; delay slot nop
  530  00001514  304300ff	andi	r3,r2,#0x00ff
  531  00001518  70640066	sleui	r4,r3,#102
  532  0000151c  14800034	bnez	r4,L6_LF2
  533  00001520  54000000	nop; delay slot nop
  534  00001524  08000004	j	L8_LF2
  535  00001528  54000000	nop; delay slot nop
  536  0000152c          	L8_LF2:
  537  0000152c  304300ff	andi	r3,r2,#0x00ff
  538  00001530  6c640040	sgtui	r4,r3,#64
  539  00001534  10800020	beqz	r4,L5_LF2
  540  00001538  54000000	nop; delay slot nop
  541  0000153c  304300ff	andi	r3,r2,#0x00ff
  542  00001540  70640041	sleui	r4,r3,#65
  543  00001544  1480000c	bnez	r4,L6_LF2
  544  00001548  54000000	nop; delay slot nop
  545  0000154c  08000008	j	L5_LF2
  546  00001550  54000000	nop; delay slot nop
  547  00001554          	L6_LF2:
  548  00001554  20010001	addi	r1,r0,#1
  549  00001558          	L5_LF2:
  550  00001558  08000004	j	L4_LF2
  551  0000155c  54000000	nop; delay slot nop
  552  00001560          	L4_LF2:
  553  00001560  8fa20000	lw	r2,0(r29)
  554  00001564  8fa30004	lw	r3,4(r29)
  555  00001568  8fa40008	lw	r4,8(r29)
  556  0000156c  8fdffff8	lw	r31,-8(r30)
  557  00001570  001ee820	add	r29,r0,r30
  558  00001574  8fdefffc	lw	r30,-4(r30)
  559  00001578  4be00000	jr	r31
  560  0000157c  54000000	nop
  561  00001580          	.endproc _isxdigit
  562  00001580          	.align 2
  563  00001580          	.proc _dstrcpy
  564  00001580          	.global _dstrcpy
  565  00001580          	_dstrcpy:
  566                      ;  Function 'dstrcpy'; 8 bytes of locals, 2 regs to save.
  567  00001580  afbefffc	sw	-4(r29),r30; push fp
  568  00001584  001df020	add	r30,r0,r29; fp = sp
  569  00001588  afbffff8	sw	-8(r29),r31; push ret addr
  570  0000158c  2fbd0018	subui	r29,r29,#24; alloc local storage
  571  00001590  afa20000	sw	0(r29),r2
  572  00001594  afa30004	sw	4(r29),r3
  573  00001598  8fc10000	lw	r1,(r30)
  574  0000159c  afc1fff4	sw	-12(r30),r1
  575  000015a0          	L10_LF2:
  576  000015a0  8fc10000	lw	r1,(r30)
  577  000015a4  20220001	addi	r2,r1,#1
  578  000015a8  afc20000	sw	(r30),r2
  579  000015ac  8fc20004	lw	r2,4(r30)
  580  000015b0  20430001	addi	r3,r2,#1
  581  000015b4  afc30004	sw	4(r30),r3
  582  000015b8  80420000	lb	r2,(r2)
  583  000015bc  a0220000	sb	(r1),r2
  584  000015c0  a3c2fff3	sb	-13(r30),r2
  585  000015c4          	L12_LF2:
  586  000015c4  93c1fff3	lbu	r1,-13(r30)
  587  000015c8  64220000	snei	r2,r1,#0
  588  000015cc  1440000c	bnez	r2,L13_LF2
  589  000015d0  54000000	nop; delay slot nop
  590  000015d4  0800000c	j	L11_LF2
  591  000015d8  54000000	nop; delay slot nop
  592  000015dc          	L13_LF2:
  593  000015dc  0bffffc0	j	L10_LF2
  594  000015e0  54000000	nop; delay slot nop
  595  000015e4          	L11_LF2:
  596  000015e4  8fc1fff4	lw	r1,-12(r30)
  597  000015e8  08000004	j	L9_LF2
  598  000015ec  54000000	nop; delay slot nop
  599  000015f0          	L9_LF2:
  600  000015f0  8fa20000	lw	r2,0(r29)
  601  000015f4  8fa30004	lw	r3,4(r29)
  602  000015f8  8fdffff8	lw	r31,-8(r30)
  603  000015fc  001ee820	add	r29,r0,r30
  604  00001600  8fdefffc	lw	r30,-4(r30)
  605  00001604  4be00000	jr	r31
  606  00001608  54000000	nop
  607  0000160c          	.endproc _dstrcpy
  608  0000160c          	.align 2
  609  0000160c          	.proc _dstrncpy
  610  0000160c          	.global _dstrncpy
  611  0000160c          	_dstrncpy:
  612                      ;  Function 'dstrncpy'; 8 bytes of locals, 2 regs to save.
  613  0000160c  afbefffc	sw	-4(r29),r30; push fp
  614  00001610  001df020	add	r30,r0,r29; fp = sp
  615  00001614  afbffff8	sw	-8(r29),r31; push ret addr
  616  00001618  2fbd0018	subui	r29,r29,#24; alloc local storage
  617  0000161c  afa20000	sw	0(r29),r2
  618  00001620  afa30004	sw	4(r29),r3
  619  00001624  8fc10000	lw	r1,(r30)
  620  00001628  afc1fff4	sw	-12(r30),r1
  621  0000162c          	L15_LF2:
  622  0000162c  8fc10008	lw	r1,8(r30)
  623  00001630  2022ffff	addi	r2,r1,#-1
  624  00001634  afc20008	sw	8(r30),r2
  625  00001638  70210000	slei	r1,r1,#0
  626  0000163c  1020000c	beqz	r1,L18_LF2
  627  00001640  54000000	nop; delay slot nop
  628  00001644  08000048	j	L16_LF2
  629  00001648  54000000	nop; delay slot nop
  630  0000164c          	L18_LF2:
  631  0000164c  8fc10000	lw	r1,(r30)
  632  00001650  20220001	addi	r2,r1,#1
  633  00001654  afc20000	sw	(r30),r2
  634  00001658  8fc20004	lw	r2,4(r30)
  635  0000165c  20430001	addi	r3,r2,#1
  636  00001660  afc30004	sw	4(r30),r3
  637  00001664  80420000	lb	r2,(r2)
  638  00001668  a0220000	sb	(r1),r2
  639  0000166c  a3c2fff3	sb	-13(r30),r2
  640  00001670          	L17_LF2:
  641  00001670  93c1fff3	lbu	r1,-13(r30)
  642  00001674  64220000	snei	r2,r1,#0
  643  00001678  1440000c	bnez	r2,L19_LF2
  644  0000167c  54000000	nop; delay slot nop
  645  00001680  0800000c	j	L16_LF2
  646  00001684  54000000	nop; delay slot nop
  647  00001688          	L19_LF2:
  648  00001688  0bffffa0	j	L15_LF2
  649  0000168c  54000000	nop; delay slot nop
  650  00001690          	L16_LF2:
  651  00001690  8fc1fff4	lw	r1,-12(r30)
  652  00001694  08000004	j	L14_LF2
  653  00001698  54000000	nop; delay slot nop
  654  0000169c          	L14_LF2:
  655  0000169c  8fa20000	lw	r2,0(r29)
  656  000016a0  8fa30004	lw	r3,4(r29)
  657  000016a4  8fdffff8	lw	r31,-8(r30)
  658  000016a8  001ee820	add	r29,r0,r30
  659  000016ac  8fdefffc	lw	r30,-4(r30)
  660  000016b0  4be00000	jr	r31
  661  000016b4  54000000	nop
  662  000016b8          	.endproc _dstrncpy
  663  000016b8          	.align 2
  664  000016b8          	.proc _dstrcat
  665  000016b8          	.global _dstrcat
  666  000016b8          	_dstrcat:
  667                      ;  Function 'dstrcat'; 8 bytes of locals, 1 regs to save.
  668  000016b8  afbefffc	sw	-4(r29),r30; push fp
  669  000016bc  001df020	add	r30,r0,r29; fp = sp
  670  000016c0  afbffff8	sw	-8(r29),r31; push ret addr
  671  000016c4  2fbd0018	subui	r29,r29,#24; alloc local storage
  672  000016c8  afa20000	sw	0(r29),r2
  673  000016cc  8fc10000	lw	r1,(r30)
  674  000016d0  afc1fff4	sw	-12(r30),r1
  675  000016d4          	L21_LF2:
  676  000016d4  8fc10000	lw	r1,(r30)
  677  000016d8  90220000	lbu	r2,(r1)
  678  000016dc  64410000	snei	r1,r2,#0
  679  000016e0  1420000c	bnez	r1,L23_LF2
  680  000016e4  54000000	nop; delay slot nop
  681  000016e8  0800001c	j	L22_LF2
  682  000016ec  54000000	nop; delay slot nop
  683  000016f0          	L23_LF2:
  684  000016f0  8fc20000	lw	r2,(r30)
  685  000016f4  20410001	addi	r1,r2,#1
  686  000016f8  00011020	add	r2,r0,r1
  687  000016fc  afc20000	sw	(r30),r2
  688  00001700  0bffffd0	j	L21_LF2
  689  00001704  54000000	nop; delay slot nop
  690  00001708          	L22_LF2:
  691  00001708  23bdfff8	addi	r29,r29,#-8
  692  0000170c  001d0820	add	r1,r0,r29
  693  00001710  8fc20000	lw	r2,(r30)
  694  00001714  ac220000	sw	(r1),r2
  695  00001718  8fc20004	lw	r2,4(r30)
  696  0000171c  ac220004	sw	4(r1),r2
  697  00001720  0ffffe5c	jal	_dstrcpy
  698  00001724  54000000	nop; delay slot nop
  699  00001728  23bd0008	addi	r29,r29,#8
  700  0000172c  8fc1fff4	lw	r1,-12(r30)
  701  00001730  08000004	j	L20_LF2
  702  00001734  54000000	nop; delay slot nop
  703  00001738          	L20_LF2:
  704  00001738  8fa20000	lw	r2,0(r29)
  705  0000173c  8fdffff8	lw	r31,-8(r30)
  706  00001740  001ee820	add	r29,r0,r30
  707  00001744  8fdefffc	lw	r30,-4(r30)
  708  00001748  4be00000	jr	r31
  709  0000174c  54000000	nop
  710  00001750          	.endproc _dstrcat
  711  00001750          	.align 2
  712  00001750          	.proc _dstrncmp
  713  00001750          	.global _dstrncmp
  714  00001750          	_dstrncmp:
  715                      ;  Function 'dstrncmp'; 8 bytes of locals, 2 regs to save.
  716  00001750  afbefffc	sw	-4(r29),r30; push fp
  717  00001754  001df020	add	r30,r0,r29; fp = sp
  718  00001758  afbffff8	sw	-8(r29),r31; push ret addr
  719  0000175c  2fbd0018	subui	r29,r29,#24; alloc local storage
  720  00001760  afa20000	sw	0(r29),r2
  721  00001764  afa30004	sw	4(r29),r3
  722  00001768  54000000	nop
  723  0000176c  20010000	addi	r1,r0,#0
  724  00001770  afc1fff4	sw	-12(r30),r1
  725  00001774          	L25_LF2:
  726  00001774  8fc1fff4	lw	r1,-12(r30)
  727  00001778  8fc20008	lw	r2,8(r30)
  728  0000177c  0022082a	slt	r1,r1,r2
  729  00001780  1420000c	bnez	r1,L28_LF2
  730  00001784  54000000	nop; delay slot nop
  731  00001788  08000088	j	L26_LF2
  732  0000178c  54000000	nop; delay slot nop
  733  00001790          	L28_LF2:
  734  00001790  8fc10004	lw	r1,4(r30)
  735  00001794  90220000	lbu	r2,(r1)
  736  00001798  64410000	snei	r1,r2,#0
  737  0000179c  14200018	bnez	r1,L29_LF2
  738  000017a0  54000000	nop; delay slot nop
  739  000017a4  20010000	addi	r1,r0,#0
  740  000017a8  080000d8	j	L24_LF2
  741  000017ac  54000000	nop; delay slot nop
  742  000017b0  08000028	j	L30_LF2
  743  000017b4  54000000	nop; delay slot nop
  744  000017b8          	L29_LF2:
  745  000017b8  8fc10000	lw	r1,(r30)
  746  000017bc  8fc20004	lw	r2,4(r30)
  747  000017c0  90210000	lbu	r1,(r1)
  748  000017c4  90420000	lbu	r2,(r2)
  749  000017c8  00220829	sne	r1,r1,r2
  750  000017cc  1020000c	beqz	r1,L30_LF2
  751  000017d0  54000000	nop; delay slot nop
  752  000017d4  0800003c	j	L26_LF2
  753  000017d8  54000000	nop; delay slot nop
  754  000017dc          	L31_LF2:
  755  000017dc          	L30_LF2:
  756  000017dc  8fc20000	lw	r2,(r30)
  757  000017e0  20410001	addi	r1,r2,#1
  758  000017e4  00011020	add	r2,r0,r1
  759  000017e8  afc20000	sw	(r30),r2
  760  000017ec  8fc20004	lw	r2,4(r30)
  761  000017f0  20410001	addi	r1,r2,#1
  762  000017f4  00011020	add	r2,r0,r1
  763  000017f8  afc20004	sw	4(r30),r2
  764  000017fc          	L27_LF2:
  765  000017fc  8fc2fff4	lw	r2,-12(r30)
  766  00001800  20410001	addi	r1,r2,#1
  767  00001804  00011020	add	r2,r0,r1
  768  00001808  afc2fff4	sw	-12(r30),r2
  769  0000180c  0bffff64	j	L25_LF2
  770  00001810  54000000	nop; delay slot nop
  771  00001814          	L26_LF2:
  772  00001814  8fc1fff4	lw	r1,-12(r30)
  773  00001818  8fc20008	lw	r2,8(r30)
  774  0000181c  00220828	seq	r1,r1,r2
  775  00001820  10200018	beqz	r1,L32_LF2
  776  00001824  54000000	nop; delay slot nop
  777  00001828  20010000	addi	r1,r0,#0
  778  0000182c  08000054	j	L24_LF2
  779  00001830  54000000	nop; delay slot nop
  780  00001834  0800004c	j	L33_LF2
  781  00001838  54000000	nop; delay slot nop
  782  0000183c          	L32_LF2:
  783  0000183c  8fc20000	lw	r2,(r30)
  784  00001840  90410000	lbu	r1,(r2)
  785  00001844  8fc20004	lw	r2,4(r30)
  786  00001848  90430000	lbu	r3,(r2)
  787  0000184c  00230822	sub	r1,r1,r3
  788  00001850  74220000	sgei	r2,r1,#0
  789  00001854  10400020	beqz	r2,L34_LF2
  790  00001858  54000000	nop; delay slot nop
  791  0000185c  8fc10000	lw	r1,(r30)
  792  00001860  8fc20004	lw	r2,4(r30)
  793  00001864  90210000	lbu	r1,(r1)
  794  00001868  90420000	lbu	r2,(r2)
  795  0000186c  00220829	sne	r1,r1,r2
  796  00001870  08000008	j	L35_LF2
  797  00001874  54000000	nop; delay slot nop
  798  00001878          	L34_LF2:
  799  00001878  2001ffff	addi	r1,r0,#-1
  800  0000187c          	L35_LF2:
  801  0000187c  08000004	j	L24_LF2
  802  00001880  54000000	nop; delay slot nop
  803  00001884          	L33_LF2:
  804  00001884          	L24_LF2:
  805  00001884  8fa20000	lw	r2,0(r29)
  806  00001888  8fa30004	lw	r3,4(r29)
  807  0000188c  8fdffff8	lw	r31,-8(r30)
  808  00001890  001ee820	add	r29,r0,r30
  809  00001894  8fdefffc	lw	r30,-4(r30)
  810  00001898  4be00000	jr	r31
  811  0000189c  54000000	nop
  812  000018a0          	.endproc _dstrncmp
  813  000018a0          	.align 2
  814  000018a0          	.proc _dstrlen
  815  000018a0          	.global _dstrlen
  816  000018a0          	_dstrlen:
  817                      ;  Function 'dstrlen'; 8 bytes of locals, 1 regs to save.
  818  000018a0  afbefffc	sw	-4(r29),r30; push fp
  819  000018a4  001df020	add	r30,r0,r29; fp = sp
  820  000018a8  afbffff8	sw	-8(r29),r31; push ret addr
  821  000018ac  2fbd0018	subui	r29,r29,#24; alloc local storage
  822  000018b0  afa20000	sw	0(r29),r2
  823  000018b4  20010000	addi	r1,r0,#0
  824  000018b8  afc1fff4	sw	-12(r30),r1
  825  000018bc          	L37_LF2:
  826  000018bc  8fc10000	lw	r1,(r30)
  827  000018c0  20220001	addi	r2,r1,#1
  828  000018c4  afc20000	sw	(r30),r2
  829  000018c8  90210000	lbu	r1,(r1)
  830  000018cc  64220000	snei	r2,r1,#0
  831  000018d0  1440000c	bnez	r2,L39_LF2
  832  000018d4  54000000	nop; delay slot nop
  833  000018d8  0800001c	j	L38_LF2
  834  000018dc  54000000	nop; delay slot nop
  835  000018e0          	L39_LF2:
  836  000018e0  8fc2fff4	lw	r2,-12(r30)
  837  000018e4  20410001	addi	r1,r2,#1
  838  000018e8  00011020	add	r2,r0,r1
  839  000018ec  afc2fff4	sw	-12(r30),r2
  840  000018f0  0bffffc8	j	L37_LF2
  841  000018f4  54000000	nop; delay slot nop
  842  000018f8          	L38_LF2:
  843  000018f8  8fc1fff4	lw	r1,-12(r30)
  844  000018fc  08000004	j	L36_LF2
  845  00001900  54000000	nop; delay slot nop
  846  00001904          	L36_LF2:
  847  00001904  8fa20000	lw	r2,0(r29)
  848  00001908  8fdffff8	lw	r31,-8(r30)
  849  0000190c  001ee820	add	r29,r0,r30
  850  00001910  8fdefffc	lw	r30,-4(r30)
  851  00001914  4be00000	jr	r31
  852  00001918  54000000	nop
  853  0000191c          	.endproc _dstrlen
  854  0000191c          	.align 2
  855  0000191c          	.proc _dstrstr
  856  0000191c          	.global _dstrstr
  857  0000191c          	_dstrstr:
  858                      ;  Function 'dstrstr'; 8 bytes of locals, 1 regs to save.
  859  0000191c  afbefffc	sw	-4(r29),r30; push fp
  860  00001920  001df020	add	r30,r0,r29; fp = sp
  861  00001924  afbffff8	sw	-8(r29),r31; push ret addr
  862  00001928  2fbd0018	subui	r29,r29,#24; alloc local storage
  863  0000192c  afa20000	sw	0(r29),r2
  864  00001930  23bdfff8	addi	r29,r29,#-8
  865  00001934  001d0820	add	r1,r0,r29
  866  00001938  8fc20004	lw	r2,4(r30)
  867  0000193c  ac220000	sw	(r1),r2
  868  00001940  0fffff5c	jal	_dstrlen
  869  00001944  54000000	nop; delay slot nop
  870  00001948  23bd0008	addi	r29,r29,#8
  871  0000194c  afc1fff4	sw	-12(r30),r1
  872  00001950          	L41_LF2:
  873  00001950  8fc10000	lw	r1,(r30)
  874  00001954  90220000	lbu	r2,(r1)
  875  00001958  64410000	snei	r1,r2,#0
  876  0000195c  1420000c	bnez	r1,L43_LF2
  877  00001960  54000000	nop; delay slot nop
  878  00001964  08000060	j	L42_LF2
  879  00001968  54000000	nop; delay slot nop
  880  0000196c          	L43_LF2:
  881  0000196c  23bdfff0	addi	r29,r29,#-16
  882  00001970  001d0820	add	r1,r0,r29
  883  00001974  8fc20000	lw	r2,(r30)
  884  00001978  ac220000	sw	(r1),r2
  885  0000197c  8fc20004	lw	r2,4(r30)
  886  00001980  ac220004	sw	4(r1),r2
  887  00001984  8fc2fff4	lw	r2,-12(r30)
  888  00001988  ac220008	sw	8(r1),r2
  889  0000198c  0ffffdc0	jal	_dstrncmp
  890  00001990  54000000	nop; delay slot nop
  891  00001994  23bd0010	addi	r29,r29,#16
  892  00001998  64220000	snei	r2,r1,#0
  893  0000199c  14400010	bnez	r2,L44_LF2
  894  000019a0  54000000	nop; delay slot nop
  895  000019a4  8fc10000	lw	r1,(r30)
  896  000019a8  08000028	j	L40_LF2
  897  000019ac  54000000	nop; delay slot nop
  898  000019b0          	L44_LF2:
  899  000019b0  8fc20000	lw	r2,(r30)
  900  000019b4  20410001	addi	r1,r2,#1
  901  000019b8  00011020	add	r2,r0,r1
  902  000019bc  afc20000	sw	(r30),r2
  903  000019c0  0bffff8c	j	L41_LF2
  904  000019c4  54000000	nop; delay slot nop
  905  000019c8          	L42_LF2:
  906  000019c8  20010000	addi	r1,r0,#0
  907  000019cc  08000004	j	L40_LF2
  908  000019d0  54000000	nop; delay slot nop
  909  000019d4          	L40_LF2:
  910  000019d4  8fa20000	lw	r2,0(r29)
  911  000019d8  8fdffff8	lw	r31,-8(r30)
  912  000019dc  001ee820	add	r29,r0,r30
  913  000019e0  8fdefffc	lw	r30,-4(r30)
  914  000019e4  4be00000	jr	r31
  915  000019e8  54000000	nop
  916  000019ec          	.endproc _dstrstr
  917  000019ec          	.align 2
  918  000019ec          	.proc _dmindex
  919  000019ec          	.global _dmindex
  920  000019ec          	_dmindex:
  921                      ;  Function 'dmindex'; 8 bytes of locals, 1 regs to save.
  922  000019ec  afbefffc	sw	-4(r29),r30; push fp
  923  000019f0  001df020	add	r30,r0,r29; fp = sp
  924  000019f4  afbffff8	sw	-8(r29),r31; push ret addr
  925  000019f8  2fbd0018	subui	r29,r29,#24; alloc local storage
  926  000019fc  afa20000	sw	0(r29),r2
  927  00001a00  54000000	nop
  928  00001a04          	L46_LF2:
  929  00001a04  8fc10000	lw	r1,(r30)
  930  00001a08  90220000	lbu	r2,(r1)
  931  00001a0c  64410000	snei	r1,r2,#0
  932  00001a10  1420000c	bnez	r1,L48_LF2
  933  00001a14  54000000	nop; delay slot nop
  934  00001a18  08000070	j	L47_LF2
  935  00001a1c  54000000	nop; delay slot nop
  936  00001a20          	L48_LF2:
  937  00001a20  8fc10004	lw	r1,4(r30)
  938  00001a24  afc1fff4	sw	-12(r30),r1
  939  00001a28          	L49_LF2:
  940  00001a28  8fc1fff4	lw	r1,-12(r30)
  941  00001a2c  90220000	lbu	r2,(r1)
  942  00001a30  64410000	snei	r1,r2,#0
  943  00001a34  1420000c	bnez	r1,L52_LF2
  944  00001a38  54000000	nop; delay slot nop
  945  00001a3c  08000044	j	L50_LF2
  946  00001a40  54000000	nop; delay slot nop
  947  00001a44          	L52_LF2:
  948  00001a44  8fc10000	lw	r1,(r30)
  949  00001a48  8fc2fff4	lw	r2,-12(r30)
  950  00001a4c  90210000	lbu	r1,(r1)
  951  00001a50  90420000	lbu	r2,(r2)
  952  00001a54  00220828	seq	r1,r1,r2
  953  00001a58  10200010	beqz	r1,L51_LF2
  954  00001a5c  54000000	nop; delay slot nop
  955  00001a60  8fc10000	lw	r1,(r30)
  956  00001a64  08000030	j	L45_LF2
  957  00001a68  54000000	nop; delay slot nop
  958  00001a6c          	L53_LF2:
  959  00001a6c          	L51_LF2:
  960  00001a6c  8fc2fff4	lw	r2,-12(r30)
  961  00001a70  20410001	addi	r1,r2,#1
  962  00001a74  00011020	add	r2,r0,r1
  963  00001a78  afc2fff4	sw	-12(r30),r2
  964  00001a7c  0bffffa8	j	L49_LF2
  965  00001a80  54000000	nop; delay slot nop
  966  00001a84          	L50_LF2:
  967  00001a84  0bffff7c	j	L46_LF2
  968  00001a88  54000000	nop; delay slot nop
  969  00001a8c          	L47_LF2:
  970  00001a8c  20010000	addi	r1,r0,#0
  971  00001a90  08000004	j	L45_LF2
  972  00001a94  54000000	nop; delay slot nop
  973  00001a98          	L45_LF2:
  974  00001a98  8fa20000	lw	r2,0(r29)
  975  00001a9c  8fdffff8	lw	r31,-8(r30)
  976  00001aa0  001ee820	add	r29,r0,r30
  977  00001aa4  8fdefffc	lw	r30,-4(r30)
  978  00001aa8  4be00000	jr	r31
  979  00001aac  54000000	nop
  980  00001ab0          	.endproc _dmindex
  981  00001ab0          	.align 2
  982  00001ab0          	.proc _dindex
  983  00001ab0          	.global _dindex
  984  00001ab0          	_dindex:
  985                      ;  Function 'dindex'; 0 bytes of locals, 1 regs to save.
  986  00001ab0  afbefffc	sw	-4(r29),r30; push fp
  987  00001ab4  001df020	add	r30,r0,r29; fp = sp
  988  00001ab8  afbffff8	sw	-8(r29),r31; push ret addr
  989  00001abc  2fbd0010	subui	r29,r29,#16; alloc local storage
  990  00001ac0  afa20000	sw	0(r29),r2
  991  00001ac4  54000000	nop
  992  00001ac8          	L55_LF2:
  993  00001ac8  8fc10000	lw	r1,(r30)
  994  00001acc  90220000	lbu	r2,(r1)
  995  00001ad0  64410000	snei	r1,r2,#0
  996  00001ad4  1420000c	bnez	r1,L57_LF2
  997  00001ad8  54000000	nop; delay slot nop
  998  00001adc  08000040	j	L56_LF2
  999  00001ae0  54000000	nop; delay slot nop
 1000  00001ae4          	L57_LF2:
 1001  00001ae4  8fc10000	lw	r1,(r30)
 1002  00001ae8  90220000	lbu	r2,(r1)
 1003  00001aec  8fc10004	lw	r1,4(r30)
 1004  00001af0  00411028	seq	r2,r2,r1
 1005  00001af4  10400010	beqz	r2,L58_LF2
 1006  00001af8  54000000	nop; delay slot nop
 1007  00001afc  8fc10000	lw	r1,(r30)
 1008  00001b00  08000028	j	L54_LF2
 1009  00001b04  54000000	nop; delay slot nop
 1010  00001b08          	L58_LF2:
 1011  00001b08  8fc20000	lw	r2,(r30)
 1012  00001b0c  20410001	addi	r1,r2,#1
 1013  00001b10  00011020	add	r2,r0,r1
 1014  00001b14  afc20000	sw	(r30),r2
 1015  00001b18  0bffffac	j	L55_LF2
 1016  00001b1c  54000000	nop; delay slot nop
 1017  00001b20          	L56_LF2:
 1018  00001b20  20010000	addi	r1,r0,#0
 1019  00001b24  08000004	j	L54_LF2
 1020  00001b28  54000000	nop; delay slot nop
 1021  00001b2c          	L54_LF2:
 1022  00001b2c  8fa20000	lw	r2,0(r29)
 1023  00001b30  8fdffff8	lw	r31,-8(r30)
 1024  00001b34  001ee820	add	r29,r0,r30
 1025  00001b38  8fdefffc	lw	r30,-4(r30)
 1026  00001b3c  4be00000	jr	r31
 1027  00001b40  54000000	nop
 1028  00001b44          	.endproc _dindex
 1029  00001b44          	.align 2
 1030  00001b44          	.proc _ditoa
 1031  00001b44          	.global _ditoa
 1032  00001b44          	_ditoa:
 1033                      ;  Function 'ditoa'; 8 bytes of locals, 2 regs to save.
 1034  00001b44  afbefffc	sw	-4(r29),r30; push fp
 1035  00001b48  001df020	add	r30,r0,r29; fp = sp
 1036  00001b4c  afbffff8	sw	-8(r29),r31; push ret addr
 1037  00001b50  2fbd0018	subui	r29,r29,#24; alloc local storage
 1038  00001b54  afa20000	sw	0(r29),r2
 1039  00001b58  afa30004	sw	4(r29),r3
 1040  00001b5c  8fc10000	lw	r1,(r30)
 1041  00001b60  68220000	slti	r2,r1,#0
 1042  00001b64  1040002c	beqz	r2,L60_LF2
 1043  00001b68  54000000	nop; delay slot nop
 1044  00001b6c  8fc10004	lw	r1,4(r30)
 1045  00001b70  20220001	addi	r2,r1,#1
 1046  00001b74  afc20004	sw	4(r30),r2
 1047  00001b78  2002002d	addi	r2,r0,(#0x2d)&0xff
 1048  00001b7c  a0220000	sb	(r1),r2
 1049  00001b80  8fc10000	lw	r1,(r30)
 1050  00001b84  00011022	sub	r2,r0,r1
 1051  00001b88  afc20000	sw	(r30),r2
 1052  00001b8c  08000118	j	L61_LF2
 1053  00001b90  54000000	nop; delay slot nop
 1054  00001b94          	L60_LF2:
 1055  00001b94  8fc10000	lw	r1,(r30)
 1056  00001b98  64220000	snei	r2,r1,#0
 1057  00001b9c  14400020	bnez	r2,L62_LF2
 1058  00001ba0  54000000	nop; delay slot nop
 1059  00001ba4  8fc10004	lw	r1,4(r30)
 1060  00001ba8  20220001	addi	r2,r1,#1
 1061  00001bac  afc20004	sw	4(r30),r2
 1062  00001bb0  20020030	addi	r2,r0,(#0x30)&0xff
 1063  00001bb4  a0220000	sb	(r1),r2
 1064  00001bb8  080000ec	j	L61_LF2
 1065  00001bbc  54000000	nop; delay slot nop
 1066  00001bc0          	L62_LF2:
 1067  00001bc0  20010001	addi	r1,r0,#1
 1068  00001bc4  afc1fff4	sw	-12(r30),r1
 1069  00001bc8          	L64_LF2:
 1070  00001bc8  8fc1fff4	lw	r1,-12(r30)
 1071  00001bcc  8fc20000	lw	r2,(r30)
 1072  00001bd0  0022082c	sle	r1,r1,r2
 1073  00001bd4  1420000c	bnez	r1,L66_LF2
 1074  00001bd8  54000000	nop; delay slot nop
 1075  00001bdc  08000024	j	L65_LF2
 1076  00001be0  54000000	nop; delay slot nop
 1077  00001be4          	L67_LF2:
 1078  00001be4          	L66_LF2:
 1079  00001be4  8fc1fff4	lw	r1,-12(r30)
 1080  00001be8  00011820	add	r3,r0,r1
 1081  00001bec  50620002	slli	r2,r3,#0x2
 1082  00001bf0  00411020	add	r2,r2,r1
 1083  00001bf4  50410001	slli	r1,r2,#0x1
 1084  00001bf8  afc1fff4	sw	-12(r30),r1
 1085  00001bfc  0bffffc8	j	L64_LF2
 1086  00001c00  54000000	nop; delay slot nop
 1087  00001c04          	L65_LF2:
 1088  00001c04  54000000	nop
 1089  00001c08          	L68_LF2:
 1090  00001c08  8fc1fff4	lw	r1,-12(r30)
 1091  00001c0c  2002000a	addi	r2,r0,#10
 1092  00001c10  00200035	movi2fp	f0,r1
 1093  00001c14  00400835	movi2fp	f1,r2
 1094  00001c18  0401000f	div	f0,f0,f1
 1095  00001c1c  00000834	movfp2i	r1,f0
 1096  00001c20  afc1fff4	sw	-12(r30),r1
 1097  00001c24  8fc10004	lw	r1,4(r30)
 1098  00001c28  20220001	addi	r2,r1,#1
 1099  00001c2c  afc20004	sw	4(r30),r2
 1100  00001c30  8fc20000	lw	r2,(r30)
 1101  00001c34  8fc3fff4	lw	r3,-12(r30)
 1102  00001c38  00400035	movi2fp	f0,r2
 1103  00001c3c  00600835	movi2fp	f1,r3
 1104  00001c40  0401000f	div	f0,f0,f1
 1105  00001c44  00001034	movfp2i	r2,f0
 1106  00001c48  00021820	add	r3,r0,r2
 1107  00001c4c  20620030	addi	r2,r3,#48
 1108  00001c50  a0220000	sb	(r1),r2
 1109  00001c54  8fc10000	lw	r1,(r30)
 1110  00001c58  8fc3fff4	lw	r3,-12(r30)
 1111  00001c5c  00200035	movi2fp	f0,r1
 1112  00001c60  00600835	movi2fp	f1,r3
 1113  00001c64  0401000f	div	f0,f0,f1
 1114  00001c68  00001034	movfp2i	r2,f0
 1115  00001c6c  8fc3fff4	lw	r3,-12(r30)
 1116  00001c70  00400035	movi2fp	f0,r2
 1117  00001c74  00600835	movi2fp	f1,r3
 1118  00001c78  0401000e	mult	f0,f0,f1
 1119  00001c7c  00001034	movfp2i	r2,f0
 1120  00001c80  00220822	sub	r1,r1,r2
 1121  00001c84  afc10000	sw	(r30),r1
 1122  00001c88          	L70_LF2:
 1123  00001c88  8fc1fff4	lw	r1,-12(r30)
 1124  00001c8c  6c220001	sgti	r2,r1,#1
 1125  00001c90  1440000c	bnez	r2,L71_LF2
 1126  00001c94  54000000	nop; delay slot nop
 1127  00001c98  0800000c	j	L61_LF2
 1128  00001c9c  54000000	nop; delay slot nop
 1129  00001ca0          	L71_LF2:
 1130  00001ca0  0bffff64	j	L68_LF2
 1131  00001ca4  54000000	nop; delay slot nop
 1132  00001ca8          	L69_LF2:
 1133  00001ca8          	L63_LF2:
 1134  00001ca8          	L61_LF2:
 1135  00001ca8  8fc10004	lw	r1,4(r30)
 1136  00001cac  20020000	addi	r2,r0,(#0x0)&0xff
 1137  00001cb0  a0220000	sb	(r1),r2
 1138  00001cb4          	L59_LF2:
 1139  00001cb4  8fa20000	lw	r2,0(r29)
 1140  00001cb8  8fa30004	lw	r3,4(r29)
 1141  00001cbc  8fdffff8	lw	r31,-8(r30)
 1142  00001cc0  001ee820	add	r29,r0,r30
 1143  00001cc4  8fdefffc	lw	r30,-4(r30)
 1144  00001cc8  4be00000	jr	r31
 1145  00001ccc  54000000	nop
 1146  00001cd0          	.endproc _ditoa
 1147  00001cd0          	.align 2
 1148  00001cd0          	.proc _dstrtol
 1149  00001cd0          	.global _dstrtol
 1150  00001cd0          	_dstrtol:
 1151                      ;  Function 'dstrtol'; 16 bytes of locals, 1 regs to save.
 1152  00001cd0  afbefffc	sw	-4(r29),r30; push fp
 1153  00001cd4  001df020	add	r30,r0,r29; fp = sp
 1154  00001cd8  afbffff8	sw	-8(r29),r31; push ret addr
 1155  00001cdc  2fbd0020	subui	r29,r29,#32; alloc local storage
 1156  00001ce0  afa20000	sw	0(r29),r2
 1157  00001ce4  20010000	addi	r1,r0,#0
 1158  00001ce8  afc1fff4	sw	-12(r30),r1
 1159  00001cec          	L73_LF2:
 1160  00001cec  8fc10000	lw	r1,(r30)
 1161  00001cf0  90220000	lbu	r2,(r1)
 1162  00001cf4  60410020	seqi	r1,r2,#32
 1163  00001cf8  14200034	bnez	r1,L75_LF2
 1164  00001cfc  54000000	nop; delay slot nop
 1165  00001d00  8fc10000	lw	r1,(r30)
 1166  00001d04  90220000	lbu	r2,(r1)
 1167  00001d08  60410009	seqi	r1,r2,#9
 1168  00001d0c  14200020	bnez	r1,L75_LF2
 1169  00001d10  54000000	nop; delay slot nop
 1170  00001d14  8fc10000	lw	r1,(r30)
 1171  00001d18  90220000	lbu	r2,(r1)
 1172  00001d1c  6041000a	seqi	r1,r2,#10
 1173  00001d20  1420000c	bnez	r1,L75_LF2
 1174  00001d24  54000000	nop; delay slot nop
 1175  00001d28  0800001c	j	L74_LF2
 1176  00001d2c  54000000	nop; delay slot nop
 1177  00001d30          	L75_LF2:
 1178  00001d30  8fc20000	lw	r2,(r30)
 1179  00001d34  20410001	addi	r1,r2,#1
 1180  00001d38  00011020	add	r2,r0,r1
 1181  00001d3c  afc20000	sw	(r30),r2
 1182  00001d40  0bffffa8	j	L73_LF2
 1183  00001d44  54000000	nop; delay slot nop
 1184  00001d48          	L74_LF2:
 1185  00001d48  8fc10004	lw	r1,4(r30)
 1186  00001d4c  64220000	snei	r2,r1,#0
 1187  00001d50  10400010	beqz	r2,L76_LF2
 1188  00001d54  54000000	nop; delay slot nop
 1189  00001d58  8fc10004	lw	r1,4(r30)
 1190  00001d5c  8fc20000	lw	r2,(r30)
 1191  00001d60  ac220000	sw	(r1),r2
 1192  00001d64          	L76_LF2:
 1193  00001d64  8fc10000	lw	r1,(r30)
 1194  00001d68  90220000	lbu	r2,(r1)
 1195  00001d6c  64410000	snei	r1,r2,#0
 1196  00001d70  14200010	bnez	r1,L77_LF2
 1197  00001d74  54000000	nop; delay slot nop
 1198  00001d78  8fc1fff4	lw	r1,-12(r30)
 1199  00001d7c  08000294	j	L72_LF2
 1200  00001d80  54000000	nop; delay slot nop
 1201  00001d84          	L77_LF2:
 1202  00001d84  8fc10000	lw	r1,(r30)
 1203  00001d88  90220000	lbu	r2,(r1)
 1204  00001d8c  6041002d	seqi	r1,r2,#45
 1205  00001d90  10200024	beqz	r1,L78_LF2
 1206  00001d94  54000000	nop; delay slot nop
 1207  00001d98  2001ffff	addi	r1,r0,#-1
 1208  00001d9c  afc1ffec	sw	-20(r30),r1
 1209  00001da0  8fc20000	lw	r2,(r30)
 1210  00001da4  20410001	addi	r1,r2,#1
 1211  00001da8  00011020	add	r2,r0,r1
 1212  00001dac  afc20000	sw	(r30),r2
 1213  00001db0  0800000c	j	L79_LF2
 1214  00001db4  54000000	nop; delay slot nop
 1215  00001db8          	L78_LF2:
 1216  00001db8  20010001	addi	r1,r0,#1
 1217  00001dbc  afc1ffec	sw	-20(r30),r1
 1218  00001dc0          	L79_LF2:
 1219  00001dc0  8fc10008	lw	r1,8(r30)
 1220  00001dc4  64220000	snei	r2,r1,#0
 1221  00001dc8  14400090	bnez	r2,L80_LF2
 1222  00001dcc  54000000	nop; delay slot nop
 1223  00001dd0  8fc10000	lw	r1,(r30)
 1224  00001dd4  90220000	lbu	r2,(r1)
 1225  00001dd8  60410030	seqi	r1,r2,#48
 1226  00001ddc  10200074	beqz	r1,L81_LF2
 1227  00001de0  54000000	nop; delay slot nop
 1228  00001de4  8fc20000	lw	r2,(r30)
 1229  00001de8  20410001	addi	r1,r2,#1
 1230  00001dec  00011020	add	r2,r0,r1
 1231  00001df0  afc20000	sw	(r30),r2
 1232  00001df4  8fc10000	lw	r1,(r30)
 1233  00001df8  90220000	lbu	r2,(r1)
 1234  00001dfc  60410078	seqi	r1,r2,#120
 1235  00001e00  14200020	bnez	r1,L83_LF2
 1236  00001e04  54000000	nop; delay slot nop
 1237  00001e08  8fc10000	lw	r1,(r30)
 1238  00001e0c  90220000	lbu	r2,(r1)
 1239  00001e10  60410058	seqi	r1,r2,#88
 1240  00001e14  1420000c	bnez	r1,L83_LF2
 1241  00001e18  54000000	nop; delay slot nop
 1242  00001e1c  08000024	j	L82_LF2
 1243  00001e20  54000000	nop; delay slot nop
 1244  00001e24          	L83_LF2:
 1245  00001e24  20010010	addi	r1,r0,#16
 1246  00001e28  afc10008	sw	8(r30),r1
 1247  00001e2c  8fc20000	lw	r2,(r30)
 1248  00001e30  20410001	addi	r1,r2,#1
 1249  00001e34  00011020	add	r2,r0,r1
 1250  00001e38  afc20000	sw	(r30),r2
 1251  00001e3c  0800000c	j	L84_LF2
 1252  00001e40  54000000	nop; delay slot nop
 1253  00001e44          	L82_LF2:
 1254  00001e44  20010008	addi	r1,r0,#8
 1255  00001e48  afc10008	sw	8(r30),r1
 1256  00001e4c          	L84_LF2:
 1257  00001e4c  0800000c	j	L80_LF2
 1258  00001e50  54000000	nop; delay slot nop
 1259  00001e54          	L81_LF2:
 1260  00001e54  2001000a	addi	r1,r0,#10
 1261  00001e58  afc10008	sw	8(r30),r1
 1262  00001e5c          	L85_LF2:
 1263  00001e5c          	L80_LF2:
 1264  00001e5c  8fc10008	lw	r1,8(r30)
 1265  00001e60  70220000	slei	r2,r1,#0
 1266  00001e64  1440001c	bnez	r2,L87_LF2
 1267  00001e68  54000000	nop; delay slot nop
 1268  00001e6c  8fc10008	lw	r1,8(r30)
 1269  00001e70  6c220010	sgti	r2,r1,#16
 1270  00001e74  1440000c	bnez	r2,L87_LF2
 1271  00001e78  54000000	nop; delay slot nop
 1272  00001e7c  08000010	j	L86_LF2
 1273  00001e80  54000000	nop; delay slot nop
 1274  00001e84          	L87_LF2:
 1275  00001e84  8fc1fff4	lw	r1,-12(r30)
 1276  00001e88  08000188	j	L72_LF2
 1277  00001e8c  54000000	nop; delay slot nop
 1278  00001e90          	L86_LF2:
 1279  00001e90  54000000	nop
 1280  00001e94          	L88_LF2:
 1281  00001e94  8fc10000	lw	r1,(r30)
 1282  00001e98  90220000	lbu	r2,(r1)
 1283  00001e9c  6c41002f	sgtui	r1,r2,#47
 1284  00001ea0  10200030	beqz	r1,L91_LF2
 1285  00001ea4  54000000	nop; delay slot nop
 1286  00001ea8  8fc10000	lw	r1,(r30)
 1287  00001eac  90220000	lbu	r2,(r1)
 1288  00001eb0  70410039	sleui	r1,r2,#57
 1289  00001eb4  1020001c	beqz	r1,L91_LF2
 1290  00001eb8  54000000	nop; delay slot nop
 1291  00001ebc  8fc10000	lw	r1,(r30)
 1292  00001ec0  90220000	lbu	r2,(r1)
 1293  00001ec4  2041ffd0	addi	r1,r2,#-48
 1294  00001ec8  afc1fff0	sw	-16(r30),r1
 1295  00001ecc  0800008c	j	L92_LF2
 1296  00001ed0  54000000	nop; delay slot nop
 1297  00001ed4          	L91_LF2:
 1298  00001ed4  8fc10000	lw	r1,(r30)
 1299  00001ed8  90220000	lbu	r2,(r1)
 1300  00001edc  6c410060	sgtui	r1,r2,#96
 1301  00001ee0  10200030	beqz	r1,L93_LF2
 1302  00001ee4  54000000	nop; delay slot nop
 1303  00001ee8  8fc10000	lw	r1,(r30)
 1304  00001eec  90220000	lbu	r2,(r1)
 1305  00001ef0  7041007a	sleui	r1,r2,#122
 1306  00001ef4  1020001c	beqz	r1,L93_LF2
 1307  00001ef8  54000000	nop; delay slot nop
 1308  00001efc  8fc10000	lw	r1,(r30)
 1309  00001f00  90220000	lbu	r2,(r1)
 1310  00001f04  2041ffa9	addi	r1,r2,#-87
 1311  00001f08  afc1fff0	sw	-16(r30),r1
 1312  00001f0c  0800004c	j	L92_LF2
 1313  00001f10  54000000	nop; delay slot nop
 1314  00001f14          	L93_LF2:
 1315  00001f14  8fc10000	lw	r1,(r30)
 1316  00001f18  90220000	lbu	r2,(r1)
 1317  00001f1c  6c410040	sgtui	r1,r2,#64
 1318  00001f20  10200030	beqz	r1,L95_LF2
 1319  00001f24  54000000	nop; delay slot nop
 1320  00001f28  8fc10000	lw	r1,(r30)
 1321  00001f2c  90220000	lbu	r2,(r1)
 1322  00001f30  7041005a	sleui	r1,r2,#90
 1323  00001f34  1020001c	beqz	r1,L95_LF2
 1324  00001f38  54000000	nop; delay slot nop
 1325  00001f3c  8fc10000	lw	r1,(r30)
 1326  00001f40  90220000	lbu	r2,(r1)
 1327  00001f44  2041ffc9	addi	r1,r2,#-55
 1328  00001f48  afc1fff0	sw	-16(r30),r1
 1329  00001f4c  0800000c	j	L92_LF2
 1330  00001f50  54000000	nop; delay slot nop
 1331  00001f54          	L95_LF2:
 1332  00001f54  200103e8	addi	r1,r0,#1000
 1333  00001f58  afc1fff0	sw	-16(r30),r1
 1334  00001f5c          	L96_LF2:
 1335  00001f5c          	L94_LF2:
 1336  00001f5c          	L92_LF2:
 1337  00001f5c  8fc1fff0	lw	r1,-16(r30)
 1338  00001f60  8fc20008	lw	r2,8(r30)
 1339  00001f64  0022082a	slt	r1,r1,r2
 1340  00001f68  10200040	beqz	r1,L90_LF2
 1341  00001f6c  54000000	nop; delay slot nop
 1342  00001f70  8fc1fff4	lw	r1,-12(r30)
 1343  00001f74  8fc20008	lw	r2,8(r30)
 1344  00001f78  00200035	movi2fp	f0,r1
 1345  00001f7c  00400835	movi2fp	f1,r2
 1346  00001f80  0401000e	mult	f0,f0,f1
 1347  00001f84  00000834	movfp2i	r1,f0
 1348  00001f88  afc1fff4	sw	-12(r30),r1
 1349  00001f8c  8fc1fff4	lw	r1,-12(r30)
 1350  00001f90  8fc2fff0	lw	r2,-16(r30)
 1351  00001f94  00220820	add	r1,r1,r2
 1352  00001f98  afc1fff4	sw	-12(r30),r1
 1353  00001f9c  8fc20000	lw	r2,(r30)
 1354  00001fa0  20410001	addi	r1,r2,#1
 1355  00001fa4  00011020	add	r2,r0,r1
 1356  00001fa8  afc20000	sw	(r30),r2
 1357  00001fac          	L97_LF2:
 1358  00001fac          	L90_LF2:
 1359  00001fac  8fc1fff0	lw	r1,-16(r30)
 1360  00001fb0  8fc20008	lw	r2,8(r30)
 1361  00001fb4  0022082a	slt	r1,r1,r2
 1362  00001fb8  1420000c	bnez	r1,L98_LF2
 1363  00001fbc  54000000	nop; delay slot nop
 1364  00001fc0  0800000c	j	L89_LF2
 1365  00001fc4  54000000	nop; delay slot nop
 1366  00001fc8          	L98_LF2:
 1367  00001fc8  0bfffec8	j	L88_LF2
 1368  00001fcc  54000000	nop; delay slot nop
 1369  00001fd0          	L89_LF2:
 1370  00001fd0  8fc10004	lw	r1,4(r30)
 1371  00001fd4  64220000	snei	r2,r1,#0
 1372  00001fd8  10400010	beqz	r2,L99_LF2
 1373  00001fdc  54000000	nop; delay slot nop
 1374  00001fe0  8fc10004	lw	r1,4(r30)
 1375  00001fe4  8fc20000	lw	r2,(r30)
 1376  00001fe8  ac220000	sw	(r1),r2
 1377  00001fec          	L99_LF2:
 1378  00001fec  8fc1fff4	lw	r1,-12(r30)
 1379  00001ff0  8fc2ffec	lw	r2,-20(r30)
 1380  00001ff4  00200035	movi2fp	f0,r1
 1381  00001ff8  00400835	movi2fp	f1,r2
 1382  00001ffc  0401000e	mult	f0,f0,f1
 1383  00002000  00000834	movfp2i	r1,f0
 1384  00002004  afc1fff4	sw	-12(r30),r1
 1385  00002008  8fc1fff4	lw	r1,-12(r30)
 1386  0000200c  08000004	j	L72_LF2
 1387  00002010  54000000	nop; delay slot nop
 1388  00002014          	L72_LF2:
 1389  00002014  8fa20000	lw	r2,0(r29)
 1390  00002018  8fdffff8	lw	r31,-8(r30)
 1391  0000201c  001ee820	add	r29,r0,r30
 1392  00002020  8fdefffc	lw	r30,-4(r30)
 1393  00002024  4be00000	jr	r31
 1394  00002028  54000000	nop
 1395  0000202c          	.endproc _dstrtol
 1396  0000202c          	.align 2
 1397  0000202c          	.proc _bcopy
 1398  0000202c          	.global _bcopy
 1399  0000202c          	_bcopy:
 1400                      ;  Function 'bcopy'; 0 bytes of locals, 2 regs to save.
 1401  0000202c  afbefffc	sw	-4(r29),r30; push fp
 1402  00002030  001df020	add	r30,r0,r29; fp = sp
 1403  00002034  afbffff8	sw	-8(r29),r31; push ret addr
 1404  00002038  2fbd0010	subui	r29,r29,#16; alloc local storage
 1405  0000203c  afa20000	sw	0(r29),r2
 1406  00002040  afa30004	sw	4(r29),r3
 1407  00002044  54000000	nop
 1408  00002048          	L101_LF2:
 1409  00002048  8fc10008	lw	r1,8(r30)
 1410  0000204c  2022ffff	addi	r2,r1,#-1
 1411  00002050  afc20008	sw	8(r30),r2
 1412  00002054  6c210000	sgti	r1,r1,#0
 1413  00002058  1420000c	bnez	r1,L103_LF2
 1414  0000205c  54000000	nop; delay slot nop
 1415  00002060  0800002c	j	L102_LF2
 1416  00002064  54000000	nop; delay slot nop
 1417  00002068          	L103_LF2:
 1418  00002068  8fc10004	lw	r1,4(r30)
 1419  0000206c  20220001	addi	r2,r1,#1
 1420  00002070  afc20004	sw	4(r30),r2
 1421  00002074  8fc20000	lw	r2,(r30)
 1422  00002078  20430001	addi	r3,r2,#1
 1423  0000207c  afc30000	sw	(r30),r3
 1424  00002080  80420000	lb	r2,(r2)
 1425  00002084  a0220000	sb	(r1),r2
 1426  00002088  0bffffbc	j	L101_LF2
 1427  0000208c  54000000	nop; delay slot nop
 1428  00002090          	L102_LF2:
 1429  00002090          	L100_LF2:
 1430  00002090  8fa20000	lw	r2,0(r29)
 1431  00002094  8fa30004	lw	r3,4(r29)
 1432  00002098  8fdffff8	lw	r31,-8(r30)
 1433  0000209c  001ee820	add	r29,r0,r30
 1434  000020a0  8fdefffc	lw	r30,-4(r30)
 1435  000020a4  4be00000	jr	r31
 1436  000020a8  54000000	nop
 1437  000020ac          	.endproc _bcopy
 1438  000020ac          	.align 2
 1439  000020ac          	.proc _bzero
 1440  000020ac          	.global _bzero
 1441  000020ac          	_bzero:
 1442                      ;  Function 'bzero'; 0 bytes of locals, 1 regs to save.
 1443  000020ac  afbefffc	sw	-4(r29),r30; push fp
 1444  000020b0  001df020	add	r30,r0,r29; fp = sp
 1445  000020b4  afbffff8	sw	-8(r29),r31; push ret addr
 1446  000020b8  2fbd0010	subui	r29,r29,#16; alloc local storage
 1447  000020bc  afa20000	sw	0(r29),r2
 1448  000020c0  54000000	nop
 1449  000020c4          	L105_LF2:
 1450  000020c4  8fc10004	lw	r1,4(r30)
 1451  000020c8  2022ffff	addi	r2,r1,#-1
 1452  000020cc  afc20004	sw	4(r30),r2
 1453  000020d0  6c210000	sgti	r1,r1,#0
 1454  000020d4  1420000c	bnez	r1,L107_LF2
 1455  000020d8  54000000	nop; delay slot nop
 1456  000020dc  08000020	j	L106_LF2
 1457  000020e0  54000000	nop; delay slot nop
 1458  000020e4          	L107_LF2:
 1459  000020e4  8fc10000	lw	r1,(r30)
 1460  000020e8  20220001	addi	r2,r1,#1
 1461  000020ec  afc20000	sw	(r30),r2
 1462  000020f0  20020000	addi	r2,r0,(#0x0)&0xff
 1463  000020f4  a0220000	sb	(r1),r2
 1464  000020f8  0bffffc8	j	L105_LF2
 1465  000020fc  54000000	nop; delay slot nop
 1466  00002100          	L106_LF2:
 1467  00002100          	L104_LF2:
 1468  00002100  8fa20000	lw	r2,0(r29)
 1469  00002104  8fdffff8	lw	r31,-8(r30)
 1470  00002108  001ee820	add	r29,r0,r30
 1471  0000210c  8fdefffc	lw	r30,-4(r30)
 1472  00002110  4be00000	jr	r31
 1473  00002114  54000000	nop
 1474  00002118          	.endproc _bzero
 1475  00002118          	.align 2
 1476  00002118          	.proc _min
 1477  00002118          	.global _min
 1478  00002118          	_min:
 1479                      ;  Function 'min'; 0 bytes of locals, 2 regs to save.
 1480  00002118  afbefffc	sw	-4(r29),r30; push fp
 1481  0000211c  001df020	add	r30,r0,r29; fp = sp
 1482  00002120  afbffff8	sw	-8(r29),r31; push ret addr
 1483  00002124  2fbd0010	subui	r29,r29,#16; alloc local storage
 1484  00002128  afa20000	sw	0(r29),r2
 1485  0000212c  afa30004	sw	4(r29),r3
 1486  00002130  8fc10000	lw	r1,(r30)
 1487  00002134  8fc20004	lw	r2,4(r30)
 1488  00002138  0022182c	sle	r3,r1,r2
 1489  0000213c  14600008	bnez	r3,L109_LF2
 1490  00002140  54000000	nop; delay slot nop
 1491  00002144  8fc10004	lw	r1,4(r30)
 1492  00002148          	L109_LF2:
 1493  00002148  08000004	j	L108_LF2
 1494  0000214c  54000000	nop; delay slot nop
 1495  00002150          	L108_LF2:
 1496  00002150  8fa20000	lw	r2,0(r29)
 1497  00002154  8fa30004	lw	r3,4(r29)
 1498  00002158  8fdffff8	lw	r31,-8(r30)
 1499  0000215c  001ee820	add	r29,r0,r30
 1500  00002160  8fdefffc	lw	r30,-4(r30)
 1501  00002164  4be00000	jr	r31
 1502  00002168  54000000	nop
 1503  0000216c          	.endproc _min
 1504                      ;;; Ethan L. Miller, 1999.  Released to the public domain
 1505                      ;;;
 1506                      ;;; Most of the traps are called in files from libtraps.
 1509  0000216c          	.align 2
 1510  0000216c          	.proc _exit
 1511  0000216c          	.global _exit
 1512  0000216c          	_exit:
 1513  0000216c  44000300	trap	#0x300
 1514  00002170  4be00000	jr	r31
 1515  00002174  54000000	nop
 1516  00002178          	.endproc _exit
 1518                      ; for the benefit of gcc.
 1519  00002178          	.proc ___main
 1520  00002178          	.global ___main
 1521  00002178          	___main:
 1522  00002178  4be00000	jr	r31
 1523  0000217c  54000000	nop
 1524  00002180          	.endproc ___main
 1525  00002180          	.text
 1526  00002180          	.global _etext
 1527  00002180          	_etext:
 1528  00002180          	.align 3
 1529  00002180          	.data
 1530  000030f5          	.global _edata
 1531  000030f5          	_edata:
